#
# There is insufficient memory for the Java Runtime Environment to continue.
# Native memory allocation (mmap) failed to map 196608 bytes for committing reserved memory.
# Possible reasons:
#   The system is out of physical RAM or swap space
#   In 32 bit mode, the process size limit was hit
# Possible solutions:
#   Reduce memory load on the system
#   Increase physical memory or swap space
#   Check if swap backing store is full
#   Use 64 bit Java on a 64 bit OS
#   Decrease Java heap size (-Xmx/-Xms)
#   Decrease number of Java threads
#   Decrease Java thread stack sizes (-Xss)
#   Set larger code cache with -XX:ReservedCodeCacheSize=
# This output file may be truncated or incomplete.
#
#  Out of Memory Error (os_linux.cpp:2643), pid=10200, tid=0x00007f4f69562700
#
# JRE version: OpenJDK Runtime Environment (8.0_181-b13) (build 1.8.0_181-8u181-b13-0ubuntu0.16.04.1-b13)
# Java VM: OpenJDK 64-Bit Server VM (25.181-b13 mixed mode linux-amd64 compressed oops)
# Failed to write core dump. Core dumps have been disabled. To enable core dumping, try "ulimit -c unlimited" before starting Java again
#

---------------  T H R E A D  ---------------

Current thread (0x00007f4f64075800):  VMThread [stack: 0x00007f4f69462000,0x00007f4f69563000] [id=10214]

Stack: [0x00007f4f69462000,0x00007f4f69563000],  sp=0x00007f4f69561070,  free space=1020k
Native frames: (J=compiled Java code, j=interpreted, Vv=VM code, C=native code)
V  [libjvm.so+0xa70edb]
V  [libjvm.so+0x4c893c]
V  [libjvm.so+0x8bda08]
V  [libjvm.so+0x8b7d9e]
V  [libjvm.so+0xa6d7c4]
V  [libjvm.so+0x5cdd5d]
V  [libjvm.so+0x5cecea]
V  [libjvm.so+0x5bbac6]
V  [libjvm.so+0x4d064c]
V  [libjvm.so+0x61adef]
V  [libjvm.so+0x992a43]
V  [libjvm.so+0x4cd3c2]
V  [libjvm.so+0x5ba150]
V  [libjvm.so+0x4cef88]
V  [libjvm.so+0x5bb0d8]
V  [libjvm.so+0x45029f]
V  [libjvm.so+0xa71fe1]
V  [libjvm.so+0xa77d27]
V  [libjvm.so+0xa75427]
V  [libjvm.so+0xa768af]
V  [libjvm.so+0xa76da1]
V  [libjvm.so+0x8bae12]

VM_Operation (0x00007f4f312eff10): GenCollectForAllocation, mode: safepoint, requested by thread 0x00007f4f48032000


---------------  P R O C E S S  ---------------

Java Threads: ( => current thread )
  0x00007f4f50144000 JavaThread "task-result-getter-3" daemon [_thread_blocked, id=10277, stack(0x00007f4f2f3e9000,0x00007f4f2f4ea000)]
  0x00007f4f500dc000 JavaThread "task-result-getter-2" daemon [_thread_blocked, id=10276, stack(0x00007f4f308ea000,0x00007f4f309eb000)]
  0x00007f4f500b8800 JavaThread "task-result-getter-1" daemon [_thread_blocked, id=10271, stack(0x00007f4f30def000,0x00007f4f30ef0000)]
  0x00007f4f48034800 JavaThread "task-result-getter-0" daemon [_thread_blocked, id=10270, stack(0x00007f4f310f0000,0x00007f4f311f1000)]
  0x00007f4f48032000 JavaThread "Executor task launch worker for task 204" daemon [_thread_blocked, id=10269, stack(0x00007f4f311f1000,0x00007f4f312f2000)]
  0x00007f4f44624800 JavaThread "org.apache.hadoop.fs.FileSystem$Statistics$StatisticsDataReferenceCleaner" daemon [_thread_blocked, id=10268, stack(0x00007f4f31aff000,0x00007f4f31c00000)]
  0x00007f4f45927800 JavaThread "SparkListenerBus" daemon [_thread_blocked, id=10266, stack(0x00007f4f32000000,0x00007f4f32101000)]
  0x00007f4f4591e000 JavaThread "context-cleaner-periodic-gc" daemon [_thread_blocked, id=10265, stack(0x00007f4f32101000,0x00007f4f32202000)]
  0x00007f4f45028000 JavaThread "Spark Context Cleaner" daemon [_thread_blocked, id=10264, stack(0x00007f4f32202000,0x00007f4f32303000)]
  0x00007f4f44d7a000 JavaThread "shuffle-server-5-1" daemon [_thread_blocked, id=10263, stack(0x00007f4f32503000,0x00007f4f32604000)]
  0x00007f4f44cf6000 JavaThread "driver-heartbeater" daemon [_thread_blocked, id=10262, stack(0x00007f4f32604000,0x00007f4f32705000)]
  0x00007f4f44bfa000 JavaThread "dag-scheduler-event-loop" daemon [_thread_blocked, id=10261, stack(0x00007f4f32705000,0x00007f4f32806000)]
  0x000000000190b800 JavaThread "netty-rpc-env-timeout" daemon [_thread_blocked, id=10260, stack(0x00007f4f32806000,0x00007f4f32907000)]
  0x00007f4f4472d800 JavaThread "Timer-0" daemon [_thread_blocked, id=10259, stack(0x00007f4f32907000,0x00007f4f32a08000)]
  0x00007f4f5006e800 JavaThread "heartbeat-receiver-event-loop-thread" daemon [_thread_blocked, id=10258, stack(0x00007f4f32b09000,0x00007f4f32c0a000)]
  0x00007f4f445cd800 JavaThread "SparkUI-46" daemon [_thread_blocked, id=10257, stack(0x00007f4f32a08000,0x00007f4f32b09000)]
  0x00007f4f445e2800 JavaThread "SparkUI-45" daemon [_thread_blocked, id=10256, stack(0x00007f4f33210000,0x00007f4f33311000)]
  0x00007f4f44733000 JavaThread "SparkUI-44" daemon [_thread_blocked, id=10255, stack(0x00007f4f3310f000,0x00007f4f33210000)]
  0x00007f4f445dc000 JavaThread "SparkUI-43" daemon [_thread_blocked, id=10254, stack(0x00007f4f3300e000,0x00007f4f3310f000)]
  0x00007f4f445d0000 JavaThread "SparkUI-42" daemon [_thread_blocked, id=10253, stack(0x00007f4f32f0d000,0x00007f4f3300e000)]
  0x00007f4f445d2000 JavaThread "SparkUI-41" daemon [_thread_blocked, id=10252, stack(0x00007f4f32e0c000,0x00007f4f32f0d000)]
  0x00007f4f445dd800 JavaThread "SparkUI-40-acceptor-0@23c24604-Spark@2d05bc0c{HTTP/1.1}{0.0.0.0:4041}" daemon [_thread_in_native, id=10251, stack(0x00007f4f32d0b000,0x00007f4f32e0c000)]
  0x00007f4f445da800 JavaThread "SparkUI-39-selector-ServerConnectorManager@3c7f3c87/0" daemon [_thread_in_native, id=10250, stack(0x00007f4f32c0a000,0x00007f4f32d0b000)]
  0x00007f4f44585000 JavaThread "refresh progress" daemon [_thread_blocked, id=10239, stack(0x00007f4f335bc000,0x00007f4f336bd000)]
  0x00007f4f444ea800 JavaThread "map-output-dispatcher-7" daemon [_thread_blocked, id=10238, stack(0x00007f4f338bd000,0x00007f4f339be000)]
  0x00007f4f444e8800 JavaThread "map-output-dispatcher-6" daemon [_thread_blocked, id=10237, stack(0x00007f4f339be000,0x00007f4f33abf000)]
  0x00007f4f444e7000 JavaThread "map-output-dispatcher-5" daemon [_thread_blocked, id=10236, stack(0x00007f4f33abf000,0x00007f4f33bc0000)]
  0x00007f4f444e5000 JavaThread "map-output-dispatcher-4" daemon [_thread_blocked, id=10235, stack(0x00007f4f33bc0000,0x00007f4f33cc1000)]
  0x00007f4f4458f000 JavaThread "map-output-dispatcher-3" daemon [_thread_blocked, id=10234, stack(0x00007f4f33cc1000,0x00007f4f33dc2000)]
  0x00007f4f4458d800 JavaThread "map-output-dispatcher-2" daemon [_thread_blocked, id=10233, stack(0x00007f4f33dc2000,0x00007f4f33ec3000)]
  0x00007f4f4458c000 JavaThread "map-output-dispatcher-1" daemon [_thread_blocked, id=10232, stack(0x00007f4f33ec3000,0x00007f4f33fc4000)]
  0x00007f4f4458a000 JavaThread "map-output-dispatcher-0" daemon [_thread_blocked, id=10231, stack(0x00007f4f33fc4000,0x00007f4f340c5000)]
  0x00007f4f444df000 JavaThread "rpc-server-3-1" daemon [_thread_blocked, id=10230, stack(0x00007f4f340c5000,0x00007f4f341c6000)]
  0x00007f4f442ac000 JavaThread "dispatcher-event-loop-1" daemon [_thread_blocked, id=10229, stack(0x00007f4f345d9000,0x00007f4f346da000)]
  0x00007f4f442ab800 JavaThread "dispatcher-event-loop-0" daemon [_thread_blocked, id=10228, stack(0x00007f4f34efe000,0x00007f4f34fff000)]
  0x00007f4f38383800 JavaThread "Thread-2" [_thread_blocked, id=10224, stack(0x00007f4f546cb000,0x00007f4f547cc000)]
  0x00007f4f64d2d800 JavaThread "Thread-1" [_thread_in_native, id=10223, stack(0x00007f4f547cc000,0x00007f4f548cd000)]
  0x00007f4f64d1e000 JavaThread "pool-1-thread-1" [_thread_blocked, id=10222, stack(0x00007f4f548cd000,0x00007f4f549ce000)]
  0x00007f4f640bb000 JavaThread "Service Thread" daemon [_thread_blocked, id=10220, stack(0x00007f4f68cc4000,0x00007f4f68dc5000)]
  0x00007f4f640b7800 JavaThread "C1 CompilerThread1" daemon [_thread_blocked, id=10219, stack(0x00007f4f68dc5000,0x00007f4f68ec6000)]
  0x00007f4f640b5800 JavaThread "C2 CompilerThread0" daemon [_thread_in_native, id=10218, stack(0x00007f4f68ec6000,0x00007f4f68fc7000)]
  0x00007f4f640b4000 JavaThread "Signal Dispatcher" daemon [_thread_blocked, id=10217, stack(0x00007f4f68fc7000,0x00007f4f690c8000)]
  0x00007f4f64081800 JavaThread "Finalizer" daemon [_thread_blocked, id=10216, stack(0x00007f4f69260000,0x00007f4f69361000)]
  0x00007f4f6407d000 JavaThread "Reference Handler" daemon [_thread_blocked, id=10215, stack(0x00007f4f69361000,0x00007f4f69462000)]
  0x00007f4f64011800 JavaThread "main" [_thread_in_native, id=10213, stack(0x00007f4f6dc66000,0x00007f4f6dd67000)]

Other Threads:
=>0x00007f4f64075800 VMThread [stack: 0x00007f4f69462000,0x00007f4f69563000] [id=10214]
  0x00007f4f640bd800 WatcherThread [stack: 0x00007f4f68bc3000,0x00007f4f68cc4000] [id=10221]

VM state:at safepoint (normal execution)

VM Mutex/Monitor currently owned by a thread:  ([mutex/lock_event])
[0x00007f4f6400dc40] Threads_lock - owner thread: 0x00007f4f64075800
[0x00007f4f6400e140] Heap_lock - owner thread: 0x00007f4f48032000

Heap:
 def new generation   total 27008K, used 26541K [0x00000000c0000000, 0x00000000c1d40000, 0x00000000d5550000)
  eden space 24064K,  98% used [0x00000000c0000000, 0x00000000c170b6a8, 0x00000000c1780000)
  from space 2944K, 100% used [0x00000000c1a60000, 0x00000000c1d40000, 0x00000000c1d40000)
  to   space 2944K,  99% used [0x00000000c1780000, 0x00000000c1a5fff8, 0x00000000c1a60000)
 tenured generation   total 71936K, used 71920K [0x00000000d5550000, 0x00000000d9b90000, 0x0000000100000000)
   the space 71936K,  99% used [0x00000000d5550000, 0x00000000d9b8c180, 0x00000000d9b8c200, 0x00000000d9b90000)
 Metaspace       used 69337K, capacity 70118K, committed 70488K, reserved 1110016K
  class space    used 10056K, capacity 10229K, committed 10328K, reserved 1048576K

Card table byte_map: [0x00007f4f6a0fe000,0x00007f4f6a2ff000] byte_map_base: 0x00007f4f69afe000

Polling page: 0x00007f4f6dd72000

CodeCache: size=245760Kb used=18412Kb max_used=18634Kb free=227347Kb
 bounds [0x00007f4f55000000, 0x00007f4f56260000, 0x00007f4f64000000]
 total_blobs=7444 nmethods=6854 adapters=502
 compilation: enabled

Compilation events (10 events):
Event: 199.109 Thread 0x00007f4f640b7800 nmethod 7833 0x00007f4f553507d0 code [0x00007f4f55350940, 0x00007f4f55350ad0]
Event: 199.565 Thread 0x00007f4f640b7800 7831       2       scala.collection.mutable.ArrayOps$ofInt::apply (15 bytes)
Event: 213.720 Thread 0x00007f4f640b7800 nmethod 7831 0x00007f4f55828e50 code [0x00007f4f55828fc0, 0x00007f4f55829160]
Event: 214.307 Thread 0x00007f4f640b7800 7836       1       org.apache.spark.scheduler.AccumulableInfo::name (5 bytes)
Event: 217.923 Thread 0x00007f4f640b7800 nmethod 7836 0x00007f4f55e17250 code [0x00007f4f55e173a0, 0x00007f4f55e174b0]
Event: 218.443 Thread 0x00007f4f640b7800 7838       2       scala.collection.mutable.ArrayBuilder$ofRef::$plus$eq (6 bytes)
Event: 236.149 Thread 0x00007f4f640b7800 nmethod 7838 0x00007f4f55761cd0 code [0x00007f4f55761e40, 0x00007f4f55762080]
Event: 236.406 Thread 0x00007f4f640b7800 7839       2       scala.collection.mutable.ArrayBuilder$ofRef::$plus$plus$eq (6 bytes)
Event: 241.120 Thread 0x00007f4f640b7800 nmethod 7839 0x00007f4f555ddf50 code [0x00007f4f555de0c0, 0x00007f4f555de220]
Event: 241.525 Thread 0x00007f4f640b7800 7840       2       scala.collection.mutable.ArrayBuilder$ofRef::$plus$plus$eq (77 bytes)

GC Heap History (10 events):
Event: 70.367 GC heap after
Heap after GC invocations=285 (full 6):
 def new generation   total 27008K, used 1195K [0x00000000c0000000, 0x00000000c1d40000, 0x00000000d5550000)
  eden space 24064K,   0% used [0x00000000c0000000, 0x00000000c0000000, 0x00000000c1780000)
  from space 2944K,  40% used [0x00000000c1a60000, 0x00000000c1b8ae98, 0x00000000c1d40000)
  to   space 2944K,   0% used [0x00000000c1780000, 0x00000000c1780000, 0x00000000c1a60000)
 tenured generation   total 59840K, used 56503K [0x00000000d5550000, 0x00000000d8fc0000, 0x0000000100000000)
   the space 59840K,  94% used [0x00000000d5550000, 0x00000000d8c7de30, 0x00000000d8c7e000, 0x00000000d8fc0000)
 Metaspace       used 69314K, capacity 70118K, committed 70488K, reserved 1110016K
  class space    used 10051K, capacity 10229K, committed 10328K, reserved 1048576K
}
Event: 70.428 GC heap before
{Heap before GC invocations=285 (full 6):
 def new generation   total 27008K, used 25259K [0x00000000c0000000, 0x00000000c1d40000, 0x00000000d5550000)
  eden space 24064K, 100% used [0x00000000c0000000, 0x00000000c1780000, 0x00000000c1780000)
  from space 2944K,  40% used [0x00000000c1a60000, 0x00000000c1b8ae98, 0x00000000c1d40000)
  to   space 2944K,   0% used [0x00000000c1780000, 0x00000000c1780000, 0x00000000c1a60000)
 tenured generation   total 59840K, used 56503K [0x00000000d5550000, 0x00000000d8fc0000, 0x0000000100000000)
   the space 59840K,  94% used [0x00000000d5550000, 0x00000000d8c7de30, 0x00000000d8c7e000, 0x00000000d8fc0000)
 Metaspace       used 69314K, capacity 70118K, committed 70488K, reserved 1110016K
  class space    used 10051K, capacity 10229K, committed 10328K, reserved 1048576K
Event: 70.434 GC heap after
Heap after GC invocations=286 (full 6):
 def new generation   total 27008K, used 1195K [0x00000000c0000000, 0x00000000c1d40000, 0x00000000d5550000)
  eden space 24064K,   0% used [0x00000000c0000000, 0x00000000c0000000, 0x00000000c1780000)
  from space 2944K,  40% used [0x00000000c1780000, 0x00000000c18aae78, 0x00000000c1a60000)
  to   space 2944K,   0% used [0x00000000c1a60000, 0x00000000c1a60000, 0x00000000c1d40000)
 tenured generation   total 59840K, used 56503K [0x00000000d5550000, 0x00000000d8fc0000, 0x0000000100000000)
   the space 59840K,  94% used [0x00000000d5550000, 0x00000000d8c7de30, 0x00000000d8c7e000, 0x00000000d8fc0000)
 Metaspace       used 69314K, capacity 70118K, committed 70488K, reserved 1110016K
  class space    used 10051K, capacity 10229K, committed 10328K, reserved 1048576K
}
Event: 70.490 GC heap before
{Heap before GC invocations=286 (full 6):
 def new generation   total 27008K, used 25259K [0x00000000c0000000, 0x00000000c1d40000, 0x00000000d5550000)
  eden space 24064K, 100% used [0x00000000c0000000, 0x00000000c1780000, 0x00000000c1780000)
  from space 2944K,  40% used [0x00000000c1780000, 0x00000000c18aae78, 0x00000000c1a60000)
  to   space 2944K,   0% used [0x00000000c1a60000, 0x00000000c1a60000, 0x00000000c1d40000)
 tenured generation   total 59840K, used 56503K [0x00000000d5550000, 0x00000000d8fc0000, 0x0000000100000000)
   the space 59840K,  94% used [0x00000000d5550000, 0x00000000d8c7de30, 0x00000000d8c7e000, 0x00000000d8fc0000)
 Metaspace       used 69314K, capacity 70118K, committed 70488K, reserved 1110016K
  class space    used 10051K, capacity 10229K, committed 10328K, reserved 1048576K
Event: 70.493 GC heap after
Heap after GC invocations=287 (full 6):
 def new generation   total 27008K, used 1195K [0x00000000c0000000, 0x00000000c1d40000, 0x00000000d5550000)
  eden space 24064K,   0% used [0x00000000c0000000, 0x00000000c0000000, 0x00000000c1780000)
  from space 2944K,  40% used [0x00000000c1a60000, 0x00000000c1b8ae58, 0x00000000c1d40000)
  to   space 2944K,   0% used [0x00000000c1780000, 0x00000000c1780000, 0x00000000c1a60000)
 tenured generation   total 59840K, used 56503K [0x00000000d5550000, 0x00000000d8fc0000, 0x0000000100000000)
   the space 59840K,  94% used [0x00000000d5550000, 0x00000000d8c7de30, 0x00000000d8c7e000, 0x00000000d8fc0000)
 Metaspace       used 69314K, capacity 70118K, committed 70488K, reserved 1110016K
  class space    used 10051K, capacity 10229K, committed 10328K, reserved 1048576K
}
Event: 70.945 GC heap before
{Heap before GC invocations=287 (full 6):
 def new generation   total 27008K, used 25259K [0x00000000c0000000, 0x00000000c1d40000, 0x00000000d5550000)
  eden space 24064K, 100% used [0x00000000c0000000, 0x00000000c1780000, 0x00000000c1780000)
  from space 2944K,  40% used [0x00000000c1a60000, 0x00000000c1b8ae58, 0x00000000c1d40000)
  to   space 2944K,   0% used [0x00000000c1780000, 0x00000000c1780000, 0x00000000c1a60000)
 tenured generation   total 59840K, used 56503K [0x00000000d5550000, 0x00000000d8fc0000, 0x0000000100000000)
   the space 59840K,  94% used [0x00000000d5550000, 0x00000000d8c7de30, 0x00000000d8c7e000, 0x00000000d8fc0000)
 Metaspace       used 69314K, capacity 70118K, committed 70488K, reserved 1110016K
  class space    used 10051K, capacity 10229K, committed 10328K, reserved 1048576K
Event: 70.980 GC heap after
Heap after GC invocations=288 (full 6):
 def new generation   total 27008K, used 1195K [0x00000000c0000000, 0x00000000c1d40000, 0x00000000d5550000)
  eden space 24064K,   0% used [0x00000000c0000000, 0x00000000c0000000, 0x00000000c1780000)
  from space 2944K,  40% used [0x00000000c1780000, 0x00000000c18aae70, 0x00000000c1a60000)
  to   space 2944K,   0% used [0x00000000c1a60000, 0x00000000c1a60000, 0x00000000c1d40000)
 tenured generation   total 59840K, used 56503K [0x00000000d5550000, 0x00000000d8fc0000, 0x0000000100000000)
   the space 59840K,  94% used [0x00000000d5550000, 0x00000000d8c7de30, 0x00000000d8c7e000, 0x00000000d8fc0000)
 Metaspace       used 69314K, capacity 70118K, committed 70488K, reserved 1110016K
  class space    used 10051K, capacity 10229K, committed 10328K, reserved 1048576K
}
Event: 120.602 GC heap before
{Heap before GC invocations=288 (full 6):
 def new generation   total 27008K, used 25259K [0x00000000c0000000, 0x00000000c1d40000, 0x00000000d5550000)
  eden space 24064K, 100% used [0x00000000c0000000, 0x00000000c1780000, 0x00000000c1780000)
  from space 2944K,  40% used [0x00000000c1780000, 0x00000000c18aae70, 0x00000000c1a60000)
  to   space 2944K,   0% used [0x00000000c1a60000, 0x00000000c1a60000, 0x00000000c1d40000)
 tenured generation   total 59840K, used 56503K [0x00000000d5550000, 0x00000000d8fc0000, 0x0000000100000000)
   the space 59840K,  94% used [0x00000000d5550000, 0x00000000d8c7de30, 0x00000000d8c7e000, 0x00000000d8fc0000)
 Metaspace       used 69333K, capacity 70118K, committed 70488K, reserved 1110016K
  class space    used 10056K, capacity 10229K, committed 10328K, reserved 1048576K
Event: 121.785 GC heap after
Heap after GC invocations=289 (full 6):
 def new generation   total 27008K, used 2944K [0x00000000c0000000, 0x00000000c1d40000, 0x00000000d5550000)
  eden space 24064K,   0% used [0x00000000c0000000, 0x00000000c0000000, 0x00000000c1780000)
  from space 2944K, 100% used [0x00000000c1a60000, 0x00000000c1d40000, 0x00000000c1d40000)
  to   space 2944K,   0% used [0x00000000c1780000, 0x00000000c1780000, 0x00000000c1a60000)
 tenured generation   total 59840K, used 57480K [0x00000000d5550000, 0x00000000d8fc0000, 0x0000000100000000)
   the space 59840K,  96% used [0x00000000d5550000, 0x00000000d8d722f0, 0x00000000d8d72400, 0x00000000d8fc0000)
 Metaspace       used 69333K, capacity 70118K, committed 70488K, reserved 1110016K
  class space    used 10056K, capacity 10229K, committed 10328K, reserved 1048576K
}
Event: 249.200 GC heap before
{Heap before GC invocations=289 (full 6):
 def new generation   total 27008K, used 26541K [0x00000000c0000000, 0x00000000c1d40000, 0x00000000d5550000)
  eden space 24064K,  98% used [0x00000000c0000000, 0x00000000c170b6a8, 0x00000000c1780000)
  from space 2944K, 100% used [0x00000000c1a60000, 0x00000000c1d40000, 0x00000000c1d40000)
  to   space 2944K,   0% used [0x00000000c1780000, 0x00000000c1780000, 0x00000000c1a60000)
 tenured generation   total 59840K, used 57480K [0x00000000d5550000, 0x00000000d8fc0000, 0x0000000100000000)
   the space 59840K,  96% used [0x00000000d5550000, 0x00000000d8d722f0, 0x00000000d8d72400, 0x00000000d8fc0000)
 Metaspace       used 69337K, capacity 70118K, committed 70488K, reserved 1110016K
  class space    used 10056K, capacity 10229K, committed 10328K, reserved 1048576K

Deoptimization events (10 events):
Event: 68.895 Thread 0x00007f4f38383800 Uncommon trap: reason=bimorphic action=maybe_recompile pc=0x00007f4f55d1fb98 method=java.util.HashMap.putVal(ILjava/lang/Object;Ljava/lang/Object;ZZ)Ljava/lang/Object; @ 203
Event: 68.895 Thread 0x00007f4f38383800 Uncommon trap: reason=bimorphic action=maybe_recompile pc=0x00007f4f55d1fb98 method=java.util.HashMap.putVal(ILjava/lang/Object;Ljava/lang/Object;ZZ)Ljava/lang/Object; @ 203
Event: 69.238 Thread 0x00007f4f38383800 Uncommon trap: reason=unstable_if action=reinterpret pc=0x00007f4f5615f6c8 method=scala.collection.immutable.HashSet$HashSet1.get0(Ljava/lang/Object;II)Z @ 5
Event: 69.496 Thread 0x00007f4f38383800 Uncommon trap: reason=class_check action=maybe_recompile pc=0x00007f4f559c7a48 method=scala.collection.mutable.ArrayBuffer.$plus$plus$eq(Lscala/collection/TraversableOnce;)Lscala/collection/mutable/ArrayBuffer; @ 8
Event: 69.497 Thread 0x00007f4f38383800 Uncommon trap: reason=class_check action=maybe_recompile pc=0x00007f4f559c7a48 method=scala.collection.mutable.ArrayBuffer.$plus$plus$eq(Lscala/collection/TraversableOnce;)Lscala/collection/mutable/ArrayBuffer; @ 8
Event: 69.637 Thread 0x00007f4f48032000 Uncommon trap: reason=unstable_if action=reinterpret pc=0x00007f4f55e283bc method=org.apache.hadoop.mapreduce.lib.input.LineRecordReader.nextKeyValue()Z @ 4
Event: 73.190 Thread 0x00007f4f48032000 Uncommon trap: reason=unstable_if action=reinterpret pc=0x00007f4f5582cb70 method=org.apache.spark.sql.catalyst.expressions.FixedLengthRowBasedKeyValueBatch$1.next()Z @ 4
Event: 101.591 Thread 0x00007f4f44cf6000 Uncommon trap: reason=unstable_if action=reinterpret pc=0x00007f4f5612cf60 method=java.util.concurrent.locks.ReentrantLock$Sync.nonfairTryAcquire(I)Z @ 34
Event: 101.765 Thread 0x00007f4f5006e800 Uncommon trap: reason=unstable_if action=reinterpret pc=0x00007f4f5612cf60 method=java.util.concurrent.locks.ReentrantLock$Sync.nonfairTryAcquire(I)Z @ 34
Event: 131.793 Thread 0x00007f4f5006e800 Uncommon trap: reason=unstable_if action=reinterpret pc=0x00007f4f557b4a38 method=java.util.concurrent.locks.ReentrantLock$Sync.nonfairTryAcquire(I)Z @ 34

Classes redefined (0 events):
No events

Internal exceptions (10 events):
Event: 37.868 Thread 0x00007f4f48032000 Implicit null exception at 0x00007f4f551ce574 to 0x00007f4f551cf84d
Event: 39.104 Thread 0x00007f4f48032000 Exception <a 'java/lang/NoSuchMethodError': <clinit>> (0x00000000c16cb028) thrown at [/build/openjdk-8-pREaNj/openjdk-8-8u181-b13/src/hotspot/src/share/vm/prims/jni.cpp, line 1613]
Event: 39.210 Thread 0x00007f4f44bfa000 Exception <a 'java/lang/NoSuchMethodError': <clinit>> (0x00000000c02a4cc8) thrown at [/build/openjdk-8-pREaNj/openjdk-8-8u181-b13/src/hotspot/src/share/vm/prims/jni.cpp, line 1613]
Event: 39.237 Thread 0x00007f4f442ac000 Exception <a 'java/lang/NoSuchMethodError': <clinit>> (0x00000000c081e4f0) thrown at [/build/openjdk-8-pREaNj/openjdk-8-8u181-b13/src/hotspot/src/share/vm/prims/jni.cpp, line 1613]
Event: 39.319 Thread 0x00007f4f48032000 Implicit null exception at 0x00007f4f5591eb42 to 0x00007f4f5591f199
Event: 39.340 Thread 0x00007f4f48032000 Exception <a 'java/lang/NoSuchMethodError': <clinit>> (0x00000000c0f67040) thrown at [/build/openjdk-8-pREaNj/openjdk-8-8u181-b13/src/hotspot/src/share/vm/prims/jni.cpp, line 1613]
Event: 39.341 Thread 0x00007f4f48032000 Exception <a 'java/lang/NoSuchMethodError': <clinit>> (0x00000000c0f7cf58) thrown at [/build/openjdk-8-pREaNj/openjdk-8-8u181-b13/src/hotspot/src/share/vm/prims/jni.cpp, line 1613]
Event: 68.623 Thread 0x00007f4f38383800 Implicit null exception at 0x00007f4f55d7784a to 0x00007f4f55d77bea
Event: 69.557 Thread 0x00007f4f38383800 Exception <a 'java/lang/NoSuchMethodError': <clinit>> (0x00000000c113f840) thrown at [/build/openjdk-8-pREaNj/openjdk-8-8u181-b13/src/hotspot/src/share/vm/prims/jni.cpp, line 1613]
Event: 69.558 Thread 0x00007f4f38383800 Exception <a 'java/lang/NoSuchMethodError': <clinit>> (0x00000000c116b770) thrown at [/build/openjdk-8-pREaNj/openjdk-8-8u181-b13/src/hotspot/src/share/vm/prims/jni.cpp, line 1613]

Events (10 events):
Event: 120.479 Executing VM operation: GenCollectForAllocation
Event: 122.035 Executing VM operation: GenCollectForAllocation done
Event: 128.835 Thread 0x00007f4f40004800 Thread exited: 0x00007f4f40004800
Event: 129.646 Thread 0x00007f4f500bc000 Thread exited: 0x00007f4f500bc000
Event: 129.646 Thread 0x00007f4f4803f800 Thread exited: 0x00007f4f4803f800
Event: 129.646 Thread 0x00007f4f40006000 Thread exited: 0x00007f4f40006000
Event: 131.598 Thread 0x00007f4f5006e800 Uncommon trap: trap_request=0xffffff65 fr.pc=0x00007f4f557b4a38
Event: 132.042 Thread 0x00007f4f5006e800 DEOPT PACKING pc=0x00007f4f557b4a38 sp=0x00007f4f32c08130
Event: 132.358 Thread 0x00007f4f5006e800 DEOPT UNPACKING pc=0x00007f4f5504547a sp=0x00007f4f32c07fc8 mode 2
Event: 249.088 Executing VM operation: GenCollectForAllocation


Dynamic libraries:
00400000-00401000 r-xp 00000000 ca:01 256949                             /usr/lib/jvm/java-8-openjdk-amd64/jre/bin/java
00600000-00601000 r--p 00000000 ca:01 256949                             /usr/lib/jvm/java-8-openjdk-amd64/jre/bin/java
00601000-00602000 rw-p 00001000 ca:01 256949                             /usr/lib/jvm/java-8-openjdk-amd64/jre/bin/java
018e0000-01947000 rw-p 00000000 00:00 0                                  [heap]
c0000000-c1d40000 rw-p 00000000 00:00 0 
c1d40000-d5550000 ---p 00000000 00:00 0 
d5550000-d9b90000 rw-p 00000000 00:00 0 
d9bc0000-100000000 ---p 00000000 00:00 0 
100000000-100a16000 rw-p 00000000 00:00 0 
100a16000-140000000 ---p 00000000 00:00 0 
7f4f2eee8000-7f4f2efa8000 rw-p 00000000 00:00 0 
7f4f2efa8000-7f4f2f0e8000 ---p 00000000 00:00 0 
7f4f2f0e8000-7f4f2f2e8000 rw-p 00000000 00:00 0 
7f4f2f2e8000-7f4f2f2eb000 ---p 00000000 00:00 0 
7f4f2f2eb000-7f4f2f3e9000 rw-p 00000000 00:00 0 
7f4f2f3e9000-7f4f2f3ec000 ---p 00000000 00:00 0 
7f4f2f3ec000-7f4f2f6ea000 rw-p 00000000 00:00 0 
7f4f2f6ea000-7f4f2f8ea000 rw-p 00000000 00:00 0 
7f4f2f8ea000-7f4f2faea000 rw-p 00000000 00:00 0 
7f4f2faea000-7f4f2fcea000 rw-p 00000000 00:00 0 
7f4f2fcea000-7f4f2feea000 rw-p 00000000 00:00 0 
7f4f2feea000-7f4f300ea000 rw-p 00000000 00:00 0 
7f4f300ea000-7f4f302ea000 rw-p 00000000 00:00 0 
7f4f302ea000-7f4f304ea000 rw-p 00000000 00:00 0 
7f4f304ea000-7f4f306ea000 rw-p 00000000 00:00 0 
7f4f306ea000-7f4f308ea000 rw-p 00000000 00:00 0 
7f4f308ea000-7f4f308ed000 ---p 00000000 00:00 0 
7f4f308ed000-7f4f309eb000 rw-p 00000000 00:00 0 
7f4f309eb000-7f4f309ee000 ---p 00000000 00:00 0 
7f4f309ee000-7f4f30aec000 rw-p 00000000 00:00 0 
7f4f30aec000-7f4f30aef000 ---p 00000000 00:00 0 
7f4f30aef000-7f4f30bed000 rw-p 00000000 00:00 0 
7f4f30bed000-7f4f30bf0000 ---p 00000000 00:00 0 
7f4f30bf0000-7f4f30cee000 rw-p 00000000 00:00 0 
7f4f30cee000-7f4f30cf1000 ---p 00000000 00:00 0 
7f4f30cf1000-7f4f30def000 rw-p 00000000 00:00 0 
7f4f30def000-7f4f30df2000 ---p 00000000 00:00 0 
7f4f30df2000-7f4f310f0000 rw-p 00000000 00:00 0 
7f4f310f0000-7f4f310f3000 ---p 00000000 00:00 0 
7f4f310f3000-7f4f311f1000 rw-p 00000000 00:00 0 
7f4f311f1000-7f4f311f4000 ---p 00000000 00:00 0 
7f4f311f4000-7f4f314f2000 rw-p 00000000 00:00 0 
7f4f314f2000-7f4f314ff000 r-xp 00000000 ca:01 17247                      /tmp/liblz4-java5595140368724380897.so
7f4f314ff000-7f4f316fe000 ---p 0000d000 ca:01 17247                      /tmp/liblz4-java5595140368724380897.so
7f4f316fe000-7f4f316ff000 rw-p 0000c000 ca:01 17247                      /tmp/liblz4-java5595140368724380897.so
7f4f316ff000-7f4f318ff000 rw-p 00000000 00:00 0 
7f4f318ff000-7f4f31aff000 rw-p 00000000 00:00 0 
7f4f31aff000-7f4f31b02000 ---p 00000000 00:00 0 
7f4f31b02000-7f4f31e00000 rw-p 00000000 00:00 0 
7f4f31e00000-7f4f32000000 rw-p 00000000 00:00 0 
7f4f32000000-7f4f32003000 ---p 00000000 00:00 0 
7f4f32003000-7f4f32101000 rw-p 00000000 00:00 0 
7f4f32101000-7f4f32104000 ---p 00000000 00:00 0 
7f4f32104000-7f4f32202000 rw-p 00000000 00:00 0 
7f4f32202000-7f4f32205000 ---p 00000000 00:00 0 
7f4f32205000-7f4f32503000 rw-p 00000000 00:00 0 
7f4f32503000-7f4f32506000 ---p 00000000 00:00 0 
7f4f32506000-7f4f32604000 rw-p 00000000 00:00 0 
7f4f32604000-7f4f32607000 ---p 00000000 00:00 0 
7f4f32607000-7f4f32705000 rw-p 00000000 00:00 0 
7f4f32705000-7f4f32708000 ---p 00000000 00:00 0 
7f4f32708000-7f4f32806000 rw-p 00000000 00:00 0 
7f4f32806000-7f4f32809000 ---p 00000000 00:00 0 
7f4f32809000-7f4f32907000 rw-p 00000000 00:00 0 
7f4f32907000-7f4f3290a000 ---p 00000000 00:00 0 
7f4f3290a000-7f4f32a08000 rw-p 00000000 00:00 0 
7f4f32a08000-7f4f32a0b000 ---p 00000000 00:00 0 
7f4f32a0b000-7f4f32b09000 rw-p 00000000 00:00 0 
7f4f32b09000-7f4f32b0c000 ---p 00000000 00:00 0 
7f4f32b0c000-7f4f32c0a000 rw-p 00000000 00:00 0 
7f4f32c0a000-7f4f32c0d000 ---p 00000000 00:00 0 
7f4f32c0d000-7f4f32d0b000 rw-p 00000000 00:00 0 
7f4f32d0b000-7f4f32d0e000 ---p 00000000 00:00 0 
7f4f32d0e000-7f4f32e0c000 rw-p 00000000 00:00 0 
7f4f32e0c000-7f4f32e0f000 ---p 00000000 00:00 0 
7f4f32e0f000-7f4f32f0d000 rw-p 00000000 00:00 0 
7f4f32f0d000-7f4f32f10000 ---p 00000000 00:00 0 
7f4f32f10000-7f4f3300e000 rw-p 00000000 00:00 0 
7f4f3300e000-7f4f33011000 ---p 00000000 00:00 0 
7f4f33011000-7f4f3310f000 rw-p 00000000 00:00 0 
7f4f3310f000-7f4f33112000 ---p 00000000 00:00 0 
7f4f33112000-7f4f33210000 rw-p 00000000 00:00 0 
7f4f33210000-7f4f33213000 ---p 00000000 00:00 0 
7f4f33213000-7f4f33511000 rw-p 00000000 00:00 0 
7f4f335bc000-7f4f335bf000 ---p 00000000 00:00 0 
7f4f335bf000-7f4f338bd000 rw-p 00000000 00:00 0 
7f4f338bd000-7f4f338c0000 ---p 00000000 00:00 0 
7f4f338c0000-7f4f339be000 rw-p 00000000 00:00 0 
7f4f339be000-7f4f339c1000 ---p 00000000 00:00 0 
7f4f339c1000-7f4f33abf000 rw-p 00000000 00:00 0 
7f4f33abf000-7f4f33ac2000 ---p 00000000 00:00 0 
7f4f33ac2000-7f4f33bc0000 rw-p 00000000 00:00 0 
7f4f33bc0000-7f4f33bc3000 ---p 00000000 00:00 0 
7f4f33bc3000-7f4f33cc1000 rw-p 00000000 00:00 0 
7f4f33cc1000-7f4f33cc4000 ---p 00000000 00:00 0 
7f4f33cc4000-7f4f33dc2000 rw-p 00000000 00:00 0 
7f4f33dc2000-7f4f33dc5000 ---p 00000000 00:00 0 
7f4f33dc5000-7f4f33ec3000 rw-p 00000000 00:00 0 
7f4f33ec3000-7f4f33ec6000 ---p 00000000 00:00 0 
7f4f33ec6000-7f4f33fc4000 rw-p 00000000 00:00 0 
7f4f33fc4000-7f4f33fc7000 ---p 00000000 00:00 0 
7f4f33fc7000-7f4f340c5000 rw-p 00000000 00:00 0 
7f4f340c5000-7f4f340c8000 ---p 00000000 00:00 0 
7f4f340c8000-7f4f341c6000 rw-p 00000000 00:00 0 
7f4f341c6000-7f4f341d7000 r-xp 00000000 ca:01 256909                     /usr/lib/jvm/java-8-openjdk-amd64/jre/lib/amd64/libnio.so
7f4f341d7000-7f4f343d7000 ---p 00011000 ca:01 256909                     /usr/lib/jvm/java-8-openjdk-amd64/jre/lib/amd64/libnio.so
7f4f343d7000-7f4f343d8000 r--p 00011000 ca:01 256909                     /usr/lib/jvm/java-8-openjdk-amd64/jre/lib/amd64/libnio.so
7f4f343d8000-7f4f343d9000 rw-p 00012000 ca:01 256909                     /usr/lib/jvm/java-8-openjdk-amd64/jre/lib/amd64/libnio.so
7f4f343d9000-7f4f345d9000 rw-p 00000000 00:00 0 
7f4f345d9000-7f4f345dc000 ---p 00000000 00:00 0 
7f4f345dc000-7f4f348da000 rw-p 00000000 00:00 0 
7f4f348da000-7f4f348f1000 r-xp 00000000 ca:01 1984                       /lib/x86_64-linux-gnu/libresolv-2.23.so
7f4f348f1000-7f4f34af1000 ---p 00017000 ca:01 1984                       /lib/x86_64-linux-gnu/libresolv-2.23.so
7f4f34af1000-7f4f34af2000 r--p 00017000 ca:01 1984                       /lib/x86_64-linux-gnu/libresolv-2.23.so
7f4f34af2000-7f4f34af3000 rw-p 00018000 ca:01 1984                       /lib/x86_64-linux-gnu/libresolv-2.23.so
7f4f34af3000-7f4f34af5000 rw-p 00000000 00:00 0 
7f4f34af5000-7f4f34afa000 r-xp 00000000 ca:01 1990                       /lib/x86_64-linux-gnu/libnss_dns-2.23.so
7f4f34afa000-7f4f34cfa000 ---p 00005000 ca:01 1990                       /lib/x86_64-linux-gnu/libnss_dns-2.23.so
7f4f34cfa000-7f4f34cfb000 r--p 00005000 ca:01 1990                       /lib/x86_64-linux-gnu/libnss_dns-2.23.so
7f4f34cfb000-7f4f34cfc000 rw-p 00006000 ca:01 1990                       /lib/x86_64-linux-gnu/libnss_dns-2.23.so
7f4f34cfc000-7f4f34cfd000 r-xp 00000000 ca:01 256908                     /usr/lib/jvm/java-8-openjdk-amd64/jre/lib/amd64/libjaas_unix.so
7f4f34cfd000-7f4f34efc000 ---p 00001000 ca:01 256908                     /usr/lib/jvm/java-8-openjdk-amd64/jre/lib/amd64/libjaas_unix.so
7f4f34efc000-7f4f34efd000 r--p 00000000 ca:01 256908                     /usr/lib/jvm/java-8-openjdk-amd64/jre/lib/amd64/libjaas_unix.so
7f4f34efd000-7f4f34efe000 rw-p 00001000 ca:01 256908                     /usr/lib/jvm/java-8-openjdk-amd64/jre/lib/amd64/libjaas_unix.so
7f4f34efe000-7f4f34f01000 ---p 00000000 00:00 0 
7f4f34f01000-7f4f38000000 rw-p 00000000 00:00 0 
7f4f38000000-7f4f3937e000 rw-p 00000000 00:00 0 
7f4f3937e000-7f4f3c000000 ---p 00000000 00:00 0 
7f4f3c000000-7f4f3c0cf000 rw-p 00000000 00:00 0 
7f4f3c0cf000-7f4f40000000 ---p 00000000 00:00 0 
7f4f40000000-7f4f40021000 rw-p 00000000 00:00 0 
7f4f40021000-7f4f44000000 ---p 00000000 00:00 0 
7f4f44000000-7f4f46bff000 rw-p 00000000 00:00 0 
7f4f46bff000-7f4f48000000 ---p 00000000 00:00 0 
7f4f48000000-7f4f48045000 rw-p 00000000 00:00 0 
7f4f48045000-7f4f4c000000 ---p 00000000 00:00 0 
7f4f4c000000-7f4f4c021000 rw-p 00000000 00:00 0 
7f4f4c021000-7f4f50000000 ---p 00000000 00:00 0 
7f4f50000000-7f4f50196000 rw-p 00000000 00:00 0 
7f4f50196000-7f4f54000000 ---p 00000000 00:00 0 
7f4f5406e000-7f4f54070000 r--s 00016000 ca:01 256882                     /usr/lib/jvm/java-8-openjdk-amd64/jre/lib/jce.jar
7f4f54070000-7f4f54075000 r--s 0009d000 ca:01 256862                     /usr/lib/jvm/java-8-openjdk-amd64/jre/lib/jsse.jar
7f4f54075000-7f4f54088000 r--s 00346000 ca:01 256864                     /usr/lib/jvm/java-8-openjdk-amd64/jre/lib/resources.jar
7f4f54088000-7f4f5408b000 ---p 00000000 00:00 0 
7f4f5408b000-7f4f542c1000 rw-p 00000000 00:00 0 
7f4f542c1000-7f4f544c1000 rw-p 00000000 00:00 0 
7f4f544c1000-7f4f544ca000 r-xp 00000000 ca:01 256894                     /usr/lib/jvm/java-8-openjdk-amd64/jre/lib/amd64/libmanagement.so
7f4f544ca000-7f4f546c9000 ---p 00009000 ca:01 256894                     /usr/lib/jvm/java-8-openjdk-amd64/jre/lib/amd64/libmanagement.so
7f4f546c9000-7f4f546ca000 r--p 00008000 ca:01 256894                     /usr/lib/jvm/java-8-openjdk-amd64/jre/lib/amd64/libmanagement.so
7f4f546ca000-7f4f546cb000 rw-p 00009000 ca:01 256894                     /usr/lib/jvm/java-8-openjdk-amd64/jre/lib/amd64/libmanagement.so
7f4f546cb000-7f4f546ce000 ---p 00000000 00:00 0 
7f4f546ce000-7f4f547cc000 rw-p 00000000 00:00 0 
7f4f547cc000-7f4f547cf000 ---p 00000000 00:00 0 
7f4f547cf000-7f4f548cd000 rw-p 00000000 00:00 0 
7f4f548cd000-7f4f548d0000 ---p 00000000 00:00 0 
7f4f548d0000-7f4f54bce000 rw-p 00000000 00:00 0 
7f4f54bce000-7f4f54be5000 r-xp 00000000 ca:01 256888                     /usr/lib/jvm/java-8-openjdk-amd64/jre/lib/amd64/libnet.so
7f4f54be5000-7f4f54de4000 ---p 00017000 ca:01 256888                     /usr/lib/jvm/java-8-openjdk-amd64/jre/lib/amd64/libnet.so
7f4f54de4000-7f4f54de5000 r--p 00016000 ca:01 256888                     /usr/lib/jvm/java-8-openjdk-amd64/jre/lib/amd64/libnet.so
7f4f54de5000-7f4f54de6000 rw-p 00017000 ca:01 256888                     /usr/lib/jvm/java-8-openjdk-amd64/jre/lib/amd64/libnet.so
7f4f54de6000-7f4f54de9000 r--s 00015000 ca:01 261533                     /home/ubuntu/spark-2.1.1-bin-hadoop2.7/jars/javax.servlet-api-3.1.0.jar
7f4f54de9000-7f4f54e15000 r--s 001c9000 ca:01 261798                     /home/ubuntu/spark-2.1.1-bin-hadoop2.7/jars/shapeless_2.11-2.0.0.jar
7f4f54e15000-7f4f54e20000 r--s 000b0000 ca:01 261731                     /home/ubuntu/spark-2.1.1-bin-hadoop2.7/jars/jtransforms-2.4.0.jar
7f4f54e20000-7f4f54e26000 r--s 00043000 ca:01 261858                     /home/ubuntu/spark-2.1.1-bin-hadoop2.7/jars/commons-configuration-1.6.jar
7f4f54e26000-7f4f54e2a000 r--s 00019000 ca:01 261784                     /home/ubuntu/spark-2.1.1-bin-hadoop2.7/jars/javax.ws.rs-api-2.0.1.jar
7f4f54e2a000-7f4f54e2c000 r--s 00009000 ca:01 261839                     /home/ubuntu/spark-2.1.1-bin-hadoop2.7/jars/commons-cli-1.2.jar
7f4f54e2c000-7f4f54e36000 r--s 00095000 ca:01 261728                     /home/ubuntu/spark-2.1.1-bin-hadoop2.7/jars/scala-xml_2.11-1.0.2.jar
7f4f54e36000-7f4f54e3b000 r--s 00031000 ca:01 261744                     /home/ubuntu/spark-2.1.1-bin-hadoop2.7/jars/parquet-hadoop-1.8.1.jar
7f4f54e3b000-7f4f54e3f000 r--s 00020000 ca:01 261720                     /home/ubuntu/spark-2.1.1-bin-hadoop2.7/jars/commons-digester-1.8.jar
7f4f54e3f000-7f4f54e41000 r--s 00027000 ca:01 261790                     /home/ubuntu/spark-2.1.1-bin-hadoop2.7/jars/core-1.1.2.jar
7f4f54e41000-7f4f54e58000 r--s 00183000 ca:01 261753                     /home/ubuntu/spark-2.1.1-bin-hadoop2.7/jars/hadoop-yarn-common-2.7.3.jar
7f4f54e58000-7f4f54e59000 r--s 00004000 ca:01 261711                     /home/ubuntu/spark-2.1.1-bin-hadoop2.7/jars/eigenbase-properties-1.1.5.jar
7f4f54e59000-7f4f54e5f000 r--s 00044000 ca:01 261763                     /home/ubuntu/spark-2.1.1-bin-hadoop2.7/jars/antlr4-runtime-4.5.3.jar
7f4f54e5f000-7f4f54e61000 r--s 0000b000 ca:01 261840                     /home/ubuntu/spark-2.1.1-bin-hadoop2.7/jars/chill-java-0.8.0.jar
7f4f54e61000-7f4f54e6b000 r--s 00086000 ca:01 261718                     /home/ubuntu/spark-2.1.1-bin-hadoop2.7/jars/json4s-core_2.11-3.2.11.jar
7f4f54e6b000-7f4f54e6d000 r--s 0000f000 ca:01 261566                     /home/ubuntu/spark-2.1.1-bin-hadoop2.7/jars/activation-1.1.1.jar
7f4f54e6d000-7f4f54e71000 r--s 00031000 ca:01 261583                     /home/ubuntu/spark-2.1.1-bin-hadoop2.7/jars/jline-2.12.1.jar
7f4f54e71000-7f4f54e77000 r--s 00028000 ca:01 261745                     /home/ubuntu/spark-2.1.1-bin-hadoop2.7/jars/curator-framework-2.6.0.jar
7f4f54e77000-7f4f54e84000 r--s 000b1000 ca:01 261545                     /home/ubuntu/spark-2.1.1-bin-hadoop2.7/jars/hadoop-mapreduce-client-common-2.7.3.jar
7f4f54e84000-7f4f54e86000 r--s 00009000 ca:01 261758                     /home/ubuntu/spark-2.1.1-bin-hadoop2.7/jars/jackson-module-paranamer-2.6.5.jar
7f4f54e86000-7f4f54e87000 r--s 00009000 ca:01 261845                     /home/ubuntu/spark-2.1.1-bin-hadoop2.7/jars/slf4j-api-1.7.16.jar
7f4f54e87000-7f4f54e88000 r--s 00004000 ca:01 261710                     /home/ubuntu/spark-2.1.1-bin-hadoop2.7/jars/jackson-jaxrs-1.9.13.jar
7f4f54e88000-7f4f54e8a000 r--s 00012000 ca:01 261803                     /home/ubuntu/spark-2.1.1-bin-hadoop2.7/jars/api-util-1.0.0-M20.jar
7f4f54e8a000-7f4f54e92000 r--s 00066000 ca:01 261732                     /home/ubuntu/spark-2.1.1-bin-hadoop2.7/jars/apache-log4j-extras-1.2.17.jar
7f4f54e92000-7f4f54e94000 r--s 00004000 ca:01 261587                     /home/ubuntu/spark-2.1.1-bin-hadoop2.7/jars/stax-api-1.0-2.jar
7f4f54e94000-7f4f54ea2000 r--s 00078000 ca:01 261756                     /home/ubuntu/spark-2.1.1-bin-hadoop2.7/jars/spark-mesos_2.11-2.1.1.jar
7f4f54ea2000-7f4f54ed0000 r--s 00212000 ca:01 261712                     /home/ubuntu/spark-2.1.1-bin-hadoop2.7/jars/spark-network-common_2.11-2.1.1.jar
7f4f54ed0000-7f4f54ed8000 r--s 0006e000 ca:01 261765                     /home/ubuntu/spark-2.1.1-bin-hadoop2.7/jars/commons-lang3-3.5.jar
7f4f54ed8000-7f4f54eee000 r--s 001a4000 ca:01 261613                     /home/ubuntu/spark-2.1.1-bin-hadoop2.7/jars/datanucleus-rdbms-3.2.9.jar
7f4f54eee000-7f4f54eff000 r--s 0010d000 ca:01 261714                     /home/ubuntu/spark-2.1.1-bin-hadoop2.7/jars/jackson-databind-2.6.5.jar
7f4f54eff000-7f4f54f01000 r--s 0000a000 ca:01 261612                     /home/ubuntu/spark-2.1.1-bin-hadoop2.7/jars/spark-unsafe_2.11-2.1.1.jar
7f4f54f01000-7f4f54f75000 r--s 00574000 ca:01 261739                     /home/ubuntu/spark-2.1.1-bin-hadoop2.7/jars/spark-mllib_2.11-2.1.1.jar
7f4f54f75000-7f4f55000000 r--s 0069e000 ca:01 261713                     /home/ubuntu/spark-2.1.1-bin-hadoop2.7/jars/spark-catalyst_2.11-2.1.1.jar
7f4f55000000-7f4f56260000 rwxp 00000000 00:00 0 
7f4f56260000-7f4f64000000 ---p 00000000 00:00 0 
7f4f64000000-7f4f64d73000 rw-p 00000000 00:00 0 
7f4f64d73000-7f4f68000000 ---p 00000000 00:00 0 
7f4f68000000-7f4f68001000 r--s 00009000 ca:01 261830                     /home/ubuntu/spark-2.1.1-bin-hadoop2.7/jars/hive-cli-1.2.1.spark2.jar
7f4f68001000-7f4f68025000 r--s 001cd000 ca:01 261855                     /home/ubuntu/spark-2.1.1-bin-hadoop2.7/jars/commons-math3-3.4.1.jar
7f4f68025000-7f4f68029000 r--s 0002a000 ca:01 261747                     /home/ubuntu/spark-2.1.1-bin-hadoop2.7/jars/commons-io-2.4.jar
7f4f68029000-7f4f68031000 r--s 00059000 ca:01 261611                     /home/ubuntu/spark-2.1.1-bin-hadoop2.7/jars/javolution-5.5.1.jar
7f4f68031000-7f4f68032000 r--s 00003000 ca:01 261568                     /home/ubuntu/spark-2.1.1-bin-hadoop2.7/jars/jta-1.1.jar
7f4f68032000-7f4f68035000 r--s 00009000 ca:01 261751                     /home/ubuntu/spark-2.1.1-bin-hadoop2.7/jars/jackson-annotations-2.6.5.jar
7f4f68035000-7f4f68050000 r--s 001d8000 ca:01 261572                     /home/ubuntu/spark-2.1.1-bin-hadoop2.7/jars/jets3t-0.9.3.jar
7f4f68050000-7f4f68055000 r--s 0002a000 ca:01 261576                     /home/ubuntu/spark-2.1.1-bin-hadoop2.7/jars/commons-beanutils-1.7.0.jar
7f4f68055000-7f4f68057000 r--s 00006000 ca:01 261588                     /home/ubuntu/spark-2.1.1-bin-hadoop2.7/jars/paranamer-2.3.jar
7f4f68057000-7f4f6805b000 r--s 0002c000 ca:01 261748                     /home/ubuntu/spark-2.1.1-bin-hadoop2.7/jars/avro-ipc-1.7.7.jar
7f4f6805b000-7f4f6805c000 r--s 00003000 ca:01 261594                     /home/ubuntu/spark-2.1.1-bin-hadoop2.7/jars/xmlenc-0.52.jar
7f4f6805c000-7f4f68079000 r--s 001d5000 ca:01 261860                     /home/ubuntu/spark-2.1.1-bin-hadoop2.7/jars/hadoop-yarn-api-2.7.3.jar
7f4f68079000-7f4f6807a000 r--s 00004000 ca:01 261716                     /home/ubuntu/spark-2.1.1-bin-hadoop2.7/jars/opencsv-2.3.jar
7f4f6807a000-7f4f6807e000 r--s 00014000 ca:01 261856                     /home/ubuntu/spark-2.1.1-bin-hadoop2.7/jars/xz-1.0.jar
7f4f6807e000-7f4f68081000 r--s 000fd000 ca:01 261604                     /home/ubuntu/spark-2.1.1-bin-hadoop2.7/jars/leveldbjni-all-1.8.jar
7f4f68081000-7f4f68087000 r--s 00063000 ca:01 261849                     /home/ubuntu/spark-2.1.1-bin-hadoop2.7/jars/jodd-core-3.5.2.jar
7f4f68087000-7f4f6808b000 r--s 00030000 ca:01 261532                     /home/ubuntu/spark-2.1.1-bin-hadoop2.7/jars/commons-net-2.2.jar
7f4f6808b000-7f4f6808f000 r--s 00028000 ca:01 261608                     /home/ubuntu/spark-2.1.1-bin-hadoop2.7/jars/spark-mllib-local_2.11-2.1.1.jar
7f4f6808f000-7f4f68096000 r--s 0007d000 ca:01 261722                     /home/ubuntu/spark-2.1.1-bin-hadoop2.7/jars/jetty-6.1.26.jar
7f4f68096000-7f4f68099000 r--s 0002f000 ca:01 261546                     /home/ubuntu/spark-2.1.1-bin-hadoop2.7/jars/RoaringBitmap-0.5.11.jar
7f4f68099000-7f4f6809a000 r--s 00004000 ca:01 261866                     /home/ubuntu/spark-2.1.1-bin-hadoop2.7/jars/osgi-resource-locator-1.0.1.jar
7f4f6809a000-7f4f680bb000 r--s 0019b000 ca:01 261796                     /home/ubuntu/spark-2.1.1-bin-hadoop2.7/jars/spark-hive-thriftserver_2.11-2.1.1.jar
7f4f680bb000-7f4f680c0000 r--s 00041000 ca:01 261740                     /home/ubuntu/spark-2.1.1-bin-hadoop2.7/jars/commons-lang-2.6.jar
7f4f680c0000-7f4f680c2000 r--s 00020000 ca:01 261749                     /home/ubuntu/spark-2.1.1-bin-hadoop2.7/jars/hive-beeline-1.2.1.spark2.jar
7f4f680c2000-7f4f680c9000 r--s 00049000 ca:01 261736                     /home/ubuntu/spark-2.1.1-bin-hadoop2.7/jars/httpcore-4.4.4.jar
7f4f680c9000-7f4f680cb000 r--s 00014000 ca:01 261717                     /home/ubuntu/spark-2.1.1-bin-hadoop2.7/jars/spire-macros_2.11-0.7.4.jar
7f4f680cb000-7f4f680cc000 r--s 00001000 ca:01 261621                     /home/ubuntu/spark-2.1.1-bin-hadoop2.7/jars/pmml-schema-1.2.15.jar
7f4f680cc000-7f4f680d0000 r--s 00028000 ca:01 261573                     /home/ubuntu/spark-2.1.1-bin-hadoop2.7/jars/jetty-util-6.1.26.jar
7f4f680d0000-7f4f680d3000 r--s 00006000 ca:01 261721                     /home/ubuntu/spark-2.1.1-bin-hadoop2.7/jars/jsr305-1.3.9.jar
7f4f680d3000-7f4f680da000 r--s 0005d000 ca:01 261793                     /home/ubuntu/spark-2.1.1-bin-hadoop2.7/jars/mx4j-3.0.2.jar
7f4f680da000-7f4f680dc000 r--s 0000e000 ca:01 261821                     /home/ubuntu/spark-2.1.1-bin-hadoop2.7/jars/guice-servlet-3.0.jar
7f4f680dc000-7f4f680e4000 r--s 0007b000 ca:01 261737                     /home/ubuntu/spark-2.1.1-bin-hadoop2.7/jars/protobuf-java-2.5.0.jar
7f4f680e4000-7f4f680ed000 r--s 00062000 ca:01 261580                     /home/ubuntu/spark-2.1.1-bin-hadoop2.7/jars/avro-1.7.7.jar
7f4f680ed000-7f4f680ef000 r--s 00003000 ca:01 261733                     /home/ubuntu/spark-2.1.1-bin-hadoop2.7/jars/jcl-over-slf4j-1.7.16.jar
7f4f680ef000-7f4f681bf000 r--s 00cf0000 ca:01 261540                     /home/ubuntu/spark-2.1.1-bin-hadoop2.7/jars/breeze_2.11-0.12.jar
7f4f681bf000-7f4f681c0000 r--s 00002000 ca:01 261619                     /home/ubuntu/spark-2.1.1-bin-hadoop2.7/jars/slf4j-log4j12-1.7.16.jar
7f4f681c0000-7f4f681c2000 r--s 00006000 ca:01 261578                     /home/ubuntu/spark-2.1.1-bin-hadoop2.7/jars/spark-sketch_2.11-2.1.1.jar
7f4f681c2000-7f4f681c7000 r--s 00068000 ca:01 261791                     /home/ubuntu/spark-2.1.1-bin-hadoop2.7/jars/antlr-2.7.7.jar
7f4f681c7000-7f4f681c9000 r--s 00000000 ca:01 261759                     /home/ubuntu/spark-2.1.1-bin-hadoop2.7/jars/aopalliance-1.0.jar
7f4f681c9000-7f4f681cb000 r--s 00012000 ca:01 261730                     /home/ubuntu/spark-2.1.1-bin-hadoop2.7/jars/compress-lzf-1.0.3.jar
7f4f681cb000-7f4f681d8000 r--s 0009e000 ca:01 261822                     /home/ubuntu/spark-2.1.1-bin-hadoop2.7/jars/spark-graphx_2.11-2.1.1.jar
7f4f681d8000-7f4f681dd000 r--s 00028000 ca:01 261841                     /home/ubuntu/spark-2.1.1-bin-hadoop2.7/jars/avro-mapred-1.7.7-hadoop2.jar
7f4f681dd000-7f4f681f3000 r--s 00124000 ca:01 261833                     /home/ubuntu/spark-2.1.1-bin-hadoop2.7/jars/ivy-2.4.0.jar
7f4f681f3000-7f4f681fb000 r--s 00078000 ca:01 261805                     /home/ubuntu/spark-2.1.1-bin-hadoop2.7/jars/mail-1.4.7.jar
7f4f681fb000-7f4f68200000 r--s 0004e000 ca:01 261582                     /home/ubuntu/spark-2.1.1-bin-hadoop2.7/jars/datanucleus-api-jdo-3.2.6.jar
7f4f68200000-7f4f682d8000 r--s 00a88000 ca:01 261543                     /home/ubuntu/spark-2.1.1-bin-hadoop2.7/jars/spark-core_2.11-2.1.1.jar
7f4f682d8000-7f4f682f0000 r--s 001b6000 ca:01 261569                     /home/ubuntu/spark-2.1.1-bin-hadoop2.7/jars/datanucleus-core-3.2.10.jar
7f4f682f0000-7f4f68304000 r--s 000ec000 ca:01 261539                     /home/ubuntu/spark-2.1.1-bin-hadoop2.7/jars/parquet-jackson-1.8.1.jar
7f4f68304000-7f4f68306000 r--s 0000e000 ca:01 261785                     /home/ubuntu/spark-2.1.1-bin-hadoop2.7/jars/hadoop-mapreduce-client-jobclient-2.7.3.jar
7f4f68306000-7f4f68308000 r--s 0000e000 ca:01 261536                     /home/ubuntu/spark-2.1.1-bin-hadoop2.7/jars/oro-2.0.8.jar
7f4f68308000-7f4f6830a000 r--s 00003000 ca:01 261826                     /home/ubuntu/spark-2.1.1-bin-hadoop2.7/jars/JavaEWAH-0.3.2.jar
7f4f6830a000-7f4f6830c000 r--s 0000f000 ca:01 261757                     /home/ubuntu/spark-2.1.1-bin-hadoop2.7/jars/spark-launcher_2.11-2.1.1.jar
7f4f6830c000-7f4f6832e000 r--s 00335000 ca:01 261750                     /home/ubuntu/spark-2.1.1-bin-hadoop2.7/jars/mesos-1.0.0-shaded-protobuf.jar
7f4f6832e000-7f4f6832f000 r--s 00001000 ca:01 261610                     /home/ubuntu/spark-2.1.1-bin-hadoop2.7/jars/minlog-1.3.0.jar
7f4f6832f000-7f4f68332000 r--s 0001a000 ca:01 261834                     /home/ubuntu/spark-2.1.1-bin-hadoop2.7/jars/py4j-0.10.4.jar
7f4f68332000-7f4f68333000 r--s 00009000 ca:01 261601                     /home/ubuntu/spark-2.1.1-bin-hadoop2.7/jars/json4s-jackson_2.11-3.2.11.jar
7f4f68333000-7f4f68335000 r--s 0000d000 ca:01 261725                     /home/ubuntu/spark-2.1.1-bin-hadoop2.7/jars/hadoop-yarn-server-web-proxy-2.7.3.jar
7f4f68335000-7f4f68398000 r--s 004de000 ca:01 261719                     /home/ubuntu/spark-2.1.1-bin-hadoop2.7/jars/hive-metastore-1.2.1.spark2.jar
7f4f68398000-7f4f6839f000 r--s 00039000 ca:01 261727                     /home/ubuntu/spark-2.1.1-bin-hadoop2.7/jars/calcite-avatica-1.2.0-incubating.jar
7f4f6839f000-7f4f683a6000 r--s 0003f000 ca:01 261603                     /home/ubuntu/spark-2.1.1-bin-hadoop2.7/jars/commons-codec-1.10.jar
7f4f683a6000-7f4f683a8000 r--s 00100000 ca:01 261842                     /home/ubuntu/spark-2.1.1-bin-hadoop2.7/jars/snappy-java-1.1.2.6.jar
7f4f683a8000-7f4f683ac000 r--s 00029000 ca:01 261591                     /home/ubuntu/spark-2.1.1-bin-hadoop2.7/jars/hk2-locator-2.4.0-b34.jar
7f4f683ac000-7f4f683af000 r--s 0000d000 ca:01 261742                     /home/ubuntu/spark-2.1.1-bin-hadoop2.7/jars/spark-network-shuffle_2.11-2.1.1.jar
7f4f683af000-7f4f683b0000 r--s 00006000 ca:01 261788                     /home/ubuntu/spark-2.1.1-bin-hadoop2.7/jars/jackson-xc-1.9.13.jar
7f4f683b0000-7f4f683c6000 r--s 000d1000 ca:01 261585                     /home/ubuntu/spark-2.1.1-bin-hadoop2.7/jars/parquet-column-1.8.1.jar
7f4f683c6000-7f4f683eb000 rw-p 00000000 00:00 0 
7f4f683eb000-7f4f684f7000 r--s 00dba000 ca:01 261859                     /home/ubuntu/spark-2.1.1-bin-hadoop2.7/jars/scala-compiler-2.11.8.jar
7f4f684f7000-7f4f684f8000 r--s 00002000 ca:01 261764                     /home/ubuntu/spark-2.1.1-bin-hadoop2.7/jars/jpam-1.1.jar
7f4f684f8000-7f4f68507000 r--s 0009f000 ca:01 261734                     /home/ubuntu/spark-2.1.1-bin-hadoop2.7/jars/guice-3.0.jar
7f4f68507000-7f4f68520000 r--s 00150000 ca:01 261626                     /home/ubuntu/spark-2.1.1-bin-hadoop2.7/jars/htrace-core-3.1.0-incubating.jar
7f4f68520000-7f4f68536000 r--s 000d3000 ca:01 261625                     /home/ubuntu/spark-2.1.1-bin-hadoop2.7/jars/jersey-server-2.22.2.jar
7f4f68536000-7f4f68538000 r--s 00008000 ca:01 261581                     /home/ubuntu/spark-2.1.1-bin-hadoop2.7/jars/parquet-common-1.8.1.jar
7f4f68538000-7f4f6853a000 r--s 00002000 ca:01 261606                     /home/ubuntu/spark-2.1.1-bin-hadoop2.7/jars/aopalliance-repackaged-2.4.0-b34.jar
7f4f6853a000-7f4f6853e000 r--s 0003c000 ca:01 261854                     /home/ubuntu/spark-2.1.1-bin-hadoop2.7/jars/jackson-core-2.6.5.jar
7f4f6853e000-7f4f68549000 r--s 00062000 ca:01 261729                     /home/ubuntu/spark-2.1.1-bin-hadoop2.7/jars/calcite-linq4j-1.2.0-incubating.jar
7f4f68549000-7f4f6857f000 r--s 0031c000 ca:01 261565                     /home/ubuntu/spark-2.1.1-bin-hadoop2.7/jars/hadoop-common-2.7.3.jar
7f4f6857f000-7f4f68583000 r--s 0001a000 ca:01 261579                     /home/ubuntu/spark-2.1.1-bin-hadoop2.7/jars/hk2-utils-2.4.0-b34.jar
7f4f68583000-7f4f6858f000 r--s 000b6000 ca:01 261831                     /home/ubuntu/spark-2.1.1-bin-hadoop2.7/jars/zookeeper-3.4.6.jar
7f4f6858f000-7f4f68595000 r--s 00040000 ca:01 261709                     /home/ubuntu/spark-2.1.1-bin-hadoop2.7/jars/parquet-encoding-1.8.1.jar
7f4f68595000-7f4f6859a000 r--s 00036000 ca:01 261574                     /home/ubuntu/spark-2.1.1-bin-hadoop2.7/jars/commons-compress-1.4.1.jar
7f4f6859a000-7f4f685c7000 r--s 001d4000 ca:01 261863                     /home/ubuntu/spark-2.1.1-bin-hadoop2.7/jars/spark-streaming_2.11-2.1.1.jar
7f4f685c7000-7f4f685ca000 r--s 00022000 ca:01 261806                     /home/ubuntu/spark-2.1.1-bin-hadoop2.7/jars/stringtemplate-3.2.1.jar
7f4f685ca000-7f4f685d1000 r--s 00036000 ca:01 261624                     /home/ubuntu/spark-2.1.1-bin-hadoop2.7/jars/curator-recipes-2.6.0.jar
7f4f685d1000-7f4f685d5000 r--s 00029000 ca:01 261548                     /home/ubuntu/spark-2.1.1-bin-hadoop2.7/jars/breeze-macros_2.11-0.12.jar
7f4f685d5000-7f4f685d9000 r--s 00036000 ca:01 261851                     /home/ubuntu/spark-2.1.1-bin-hadoop2.7/jars/ST4-4.0.4.jar
7f4f685d9000-7f4f685dd000 r--s 00018000 ca:01 261584                     /home/ubuntu/spark-2.1.1-bin-hadoop2.7/jars/metrics-core-3.1.2.jar
7f4f685dd000-7f4f685eb000 r--s 000b1000 ca:01 261754                     /home/ubuntu/spark-2.1.1-bin-hadoop2.7/jars/jackson-mapper-asl-1.9.13.jar
7f4f685eb000-7f4f685fb000 r--s 000a0000 ca:01 261599                     /home/ubuntu/spark-2.1.1-bin-hadoop2.7/jars/spark-yarn_2.11-2.1.1.jar
7f4f685fb000-7f4f685fc000 r--s 00003000 ca:01 261590                     /home/ubuntu/spark-2.1.1-bin-hadoop2.7/jars/spark-tags_2.11-2.1.1.jar
7f4f685fc000-7f4f6860e000 r--s 00097000 ca:01 261804                     /home/ubuntu/spark-2.1.1-bin-hadoop2.7/jars/apacheds-kerberos-codec-2.0.0-M15.jar
7f4f6860e000-7f4f68611000 r--s 00017000 ca:01 261800                     /home/ubuntu/spark-2.1.1-bin-hadoop2.7/jars/jaxb-api-2.2.2.jar
7f4f68611000-7f4f68613000 r--s 00009000 ca:01 261848                     /home/ubuntu/spark-2.1.1-bin-hadoop2.7/jars/objenesis-2.1.jar
7f4f68613000-7f4f6867e000 r--s 00784000 ca:01 261535                     /home/ubuntu/spark-2.1.1-bin-hadoop2.7/jars/hadoop-hdfs-2.7.3.jar
7f4f6867e000-7f4f68680000 r--s 00010000 ca:01 261752                     /home/ubuntu/spark-2.1.1-bin-hadoop2.7/jars/jersey-media-jaxb-2.22.2.jar
7f4f68680000-7f4f6868d000 r--s 00083000 ca:01 261598                     /home/ubuntu/spark-2.1.1-bin-hadoop2.7/jars/commons-collections-3.2.2.jar
7f4f6868d000-7f4f68694000 r--s 00051000 ca:01 261542                     /home/ubuntu/spark-2.1.1-bin-hadoop2.7/jars/kryo-shaded-3.0.3.jar
7f4f68694000-7f4f686cb000 r--s 00325000 ca:01 261802                     /home/ubuntu/spark-2.1.1-bin-hadoop2.7/jars/calcite-core-1.2.0-incubating.jar
7f4f686cb000-7f4f686ce000 r--s 00012000 ca:01 261602                     /home/ubuntu/spark-2.1.1-bin-hadoop2.7/jars/json4s-ast_2.11-3.2.11.jar
7f4f686ce000-7f4f686d0000 r--s 0000e000 ca:01 261794                     /home/ubuntu/spark-2.1.1-bin-hadoop2.7/jars/commons-logging-1.1.3.jar
7f4f686d0000-7f4f68779000 r--s 00a4f000 ca:01 261801                     /home/ubuntu/spark-2.1.1-bin-hadoop2.7/jars/hive-exec-1.2.1.spark2.jar
7f4f68779000-7f4f6877a000 r--s 0000b000 ca:01 261631                     /home/ubuntu/spark-2.1.1-bin-hadoop2.7/jars/snappy-0.2.jar
7f4f6877a000-7f4f6877d000 r--s 00028000 ca:01 261541                     /home/ubuntu/spark-2.1.1-bin-hadoop2.7/jars/stream-2.7.0.jar
7f4f6877d000-7f4f687b1000 r--s 00277000 ca:01 261592                     /home/ubuntu/spark-2.1.1-bin-hadoop2.7/jars/parquet-hadoop-bundle-1.6.0.jar
7f4f687b1000-7f4f687b5000 r--s 0000c000 ca:01 261617                     /home/ubuntu/spark-2.1.1-bin-hadoop2.7/jars/validation-api-1.1.0.Final.jar
7f4f687b5000-7f4f687de000 r--s 001ee000 ca:01 261862                     /home/ubuntu/spark-2.1.1-bin-hadoop2.7/jars/guava-14.0.1.jar
7f4f687de000-7f4f687eb000 r--s 00071000 ca:01 261832                     /home/ubuntu/spark-2.1.1-bin-hadoop2.7/jars/jackson-module-scala_2.11-2.6.5.jar
7f4f687eb000-7f4f68804000 r--s 00114000 ca:01 261577                     /home/ubuntu/spark-2.1.1-bin-hadoop2.7/jars/spark-hive_2.11-2.1.1.jar
7f4f68804000-7f4f6881c000 r--s 00115000 ca:01 261824                     /home/ubuntu/spark-2.1.1-bin-hadoop2.7/jars/netty-3.8.0.Final.jar
7f4f6881c000-7f4f68875000 r--s 00522000 ca:01 261865                     /home/ubuntu/spark-2.1.1-bin-hadoop2.7/jars/scala-library-2.11.8.jar
7f4f68875000-7f4f6887c000 r--s 00049000 ca:01 261852                     /home/ubuntu/spark-2.1.1-bin-hadoop2.7/jars/univocity-parsers-2.2.1.jar
7f4f6887c000-7f4f688c8000 r--s 00411000 ca:01 261857                     /home/ubuntu/spark-2.1.1-bin-hadoop2.7/jars/scala-reflect-2.11.8.jar
7f4f688c8000-7f4f688d6000 r--s 0009d000 ca:01 261614                     /home/ubuntu/spark-2.1.1-bin-hadoop2.7/jars/jersey-common-2.22.2.jar
7f4f688d6000-7f4f688e0000 r--s 000aa000 ca:01 261762                     /home/ubuntu/spark-2.1.1-bin-hadoop2.7/jars/janino-3.0.0.jar
7f4f688e0000-7f4f688e1000 r--s 00008000 ca:01 261844                     /home/ubuntu/spark-2.1.1-bin-hadoop2.7/jars/commons-compiler-3.0.0.jar
7f4f688e1000-7f4f688ea000 r--s 00097000 ca:01 261837                     /home/ubuntu/spark-2.1.1-bin-hadoop2.7/jars/pmml-model-1.2.15.jar
7f4f688ea000-7f4f688ec000 r--s 00005000 ca:01 261741                     /home/ubuntu/spark-2.1.1-bin-hadoop2.7/jars/stax-api-1.0.1.jar
7f4f688ec000-7f4f688f0000 r--s 00035000 ca:01 261597                     /home/ubuntu/spark-2.1.1-bin-hadoop2.7/jars/jackson-core-asl-1.9.13.jar
7f4f688f0000-7f4f688f3000 r--s 00019000 ca:01 261530                     /home/ubuntu/spark-2.1.1-bin-hadoop2.7/jars/bonecp-0.8.0.RELEASE.jar
7f4f688f3000-7f4f688f5000 r--s 00038000 ca:01 261789                     /home/ubuntu/spark-2.1.1-bin-hadoop2.7/jars/lz4-1.3.0.jar
7f4f688f5000-7f4f6890e000 r--s 00164000 ca:01 261738                     /home/ubuntu/spark-2.1.1-bin-hadoop2.7/jars/hadoop-mapreduce-client-core-2.7.3.jar
7f4f6890e000-7f4f68911000 r--s 00026000 ca:01 261792                     /home/ubuntu/spark-2.1.1-bin-hadoop2.7/jars/hadoop-yarn-client-2.7.3.jar
7f4f68911000-7f4f68913000 r--s 00017000 ca:01 261607                     /home/ubuntu/spark-2.1.1-bin-hadoop2.7/jars/hive-jdbc-1.2.1.spark2.jar
7f4f68913000-7f4f68994000 r--s 005d9000 ca:01 261746                     /home/ubuntu/spark-2.1.1-bin-hadoop2.7/jars/spark-sql_2.11-2.1.1.jar
7f4f68994000-7f4f68995000 r--s 00006000 ca:01 261755                     /home/ubuntu/spark-2.1.1-bin-hadoop2.7/jars/hadoop-client-2.7.3.jar
7f4f68995000-7f4f6899c000 r--s 00058000 ca:01 261609                     /home/ubuntu/spark-2.1.1-bin-hadoop2.7/jars/hadoop-yarn-server-common-2.7.3.jar
7f4f6899c000-7f4f6899d000 r--s 0000a000 ca:01 261616                     /home/ubuntu/spark-2.1.1-bin-hadoop2.7/jars/apacheds-i18n-2.0.0-M15.jar
7f4f6899d000-7f4f6899e000 r--s 00000000 ca:01 261600                     /home/ubuntu/spark-2.1.1-bin-hadoop2.7/jars/javax.inject-1.jar
7f4f6899e000-7f4f689a4000 r--s 00045000 ca:01 261605                     /home/ubuntu/spark-2.1.1-bin-hadoop2.7/jars/commons-httpclient-3.1.jar
7f4f689a4000-7f4f689b1000 r--s 000a7000 ca:01 261627                     /home/ubuntu/spark-2.1.1-bin-hadoop2.7/jars/httpclient-4.5.2.jar
7f4f689b1000-7f4f689b3000 r--s 0001f000 ca:01 261825                     /home/ubuntu/spark-2.1.1-bin-hadoop2.7/jars/commons-crypto-1.0.0.jar
7f4f689b3000-7f4f689b8000 r--s 0002a000 ca:01 261735                     /home/ubuntu/spark-2.1.1-bin-hadoop2.7/jars/gson-2.2.4.jar
7f4f689b8000-7f4f689f8000 r--s 00277000 ca:01 261767                     /home/ubuntu/spark-2.1.1-bin-hadoop2.7/jars/bcprov-jdk15on-1.51.jar
7f4f689f8000-7f4f689fb000 r--s 00016000 ca:01 261593                     /home/ubuntu/spark-2.1.1-bin-hadoop2.7/jars/jsp-api-2.1.jar
7f4f689fb000-7f4f689fc000 r--s 00001000 ca:01 261838                     /home/ubuntu/spark-2.1.1-bin-hadoop2.7/jars/javax.inject-2.4.0-b34.jar
7f4f689fc000-7f4f689fd000 r--s 00002000 ca:01 261586                     /home/ubuntu/spark-2.1.1-bin-hadoop2.7/jars/java-xmlbuilder-1.0.jar
7f4f689fd000-7f4f689ff000 r--s 00015000 ca:01 261547                     /home/ubuntu/spark-2.1.1-bin-hadoop2.7/jars/hadoop-auth-2.7.3.jar
7f4f689ff000-7f4f68a03000 r--s 0002f000 ca:01 261795                     /home/ubuntu/spark-2.1.1-bin-hadoop2.7/jars/commons-beanutils-core-1.8.0.jar
7f4f68a03000-7f4f68a32000 r--s 002e5000 ca:01 261846                     /home/ubuntu/spark-2.1.1-bin-hadoop2.7/jars/derby-10.12.1.1.jar
7f4f68a32000-7f4f68a34000 r--s 00008000 ca:01 261544                     /home/ubuntu/spark-2.1.1-bin-hadoop2.7/jars/metrics-jvm-3.1.2.jar
7f4f68a34000-7f4f68a37000 r--s 00015000 ca:01 261723                     /home/ubuntu/spark-2.1.1-bin-hadoop2.7/jars/pyrolite-4.13.jar
7f4f68a37000-7f4f68a39000 r--s 0000e000 ca:01 261760                     /home/ubuntu/spark-2.1.1-bin-hadoop2.7/jars/spark-repl_2.11-2.1.1.jar
7f4f68a39000-7f4f68a42000 r--s 0006f000 ca:01 261724                     /home/ubuntu/spark-2.1.1-bin-hadoop2.7/jars/log4j-1.2.17.jar
7f4f68a42000-7f4f68a46000 r--s 00025000 ca:01 261850                     /home/ubuntu/spark-2.1.1-bin-hadoop2.7/jars/jersey-client-2.22.2.jar
7f4f68a46000-7f4f68a4d000 r--s 00058000 ca:01 261589                     /home/ubuntu/spark-2.1.1-bin-hadoop2.7/jars/parquet-format-2.3.0-incubating.jar
7f4f68a4d000-7f4f68a4f000 r--s 00003000 ca:01 261615                     /home/ubuntu/spark-2.1.1-bin-hadoop2.7/jars/api-asn1-api-1.0.0-M20.jar
7f4f68a4f000-7f4f68a59000 r--s 0007b000 ca:01 261847                     /home/ubuntu/spark-2.1.1-bin-hadoop2.7/jars/hadoop-mapreduce-client-app-2.7.3.jar
7f4f68a59000-7f4f68a5c000 r--s 0000e000 ca:01 261575                     /home/ubuntu/spark-2.1.1-bin-hadoop2.7/jars/jersey-container-servlet-core-2.22.2.jar
7f4f68a5c000-7f4f68a60000 r--s 00025000 ca:01 261538                     /home/ubuntu/spark-2.1.1-bin-hadoop2.7/jars/antlr-runtime-3.4.jar
7f4f68a60000-7f4f68a71000 r--s 00089000 ca:01 261623                     /home/ubuntu/spark-2.1.1-bin-hadoop2.7/jars/joda-time-2.9.3.jar
7f4f68a71000-7f4f68a73000 r--s 00005000 ca:01 261743                     /home/ubuntu/spark-2.1.1-bin-hadoop2.7/jars/javax.annotation-api-1.2.jar
7f4f68a73000-7f4f68a78000 r--s 00032000 ca:01 261864                     /home/ubuntu/spark-2.1.1-bin-hadoop2.7/jars/chill_2.11-0.8.0.jar
7f4f68a78000-7f4f68a83000 r--s 0005d000 ca:01 261853                     /home/ubuntu/spark-2.1.1-bin-hadoop2.7/jars/scala-parser-combinators_2.11-1.0.4.jar
7f4f68a83000-7f4f68a95000 r--s 00112000 ca:01 261835                     /home/ubuntu/spark-2.1.1-bin-hadoop2.7/jars/arpack_combined_all-0.1.jar
7f4f68a95000-7f4f68aad000 r--s 000d6000 ca:01 261571                     /home/ubuntu/spark-2.1.1-bin-hadoop2.7/jars/jersey-guava-2.22.2.jar
7f4f68aad000-7f4f68ab3000 r--s 0002c000 ca:01 261828                     /home/ubuntu/spark-2.1.1-bin-hadoop2.7/jars/jdo-api-3.0.1.jar
7f4f68ab3000-7f4f68aba000 r--s 00046000 ca:01 261797                     /home/ubuntu/spark-2.1.1-bin-hadoop2.7/jars/libfb303-0.9.3.jar
7f4f68aba000-7f4f68abc000 r--s 00010000 ca:01 261622                     /home/ubuntu/spark-2.1.1-bin-hadoop2.7/jars/hadoop-mapreduce-client-shuffle-2.7.3.jar
7f4f68abc000-7f4f68abe000 r--s 00000000 ca:01 261836                     /home/ubuntu/spark-2.1.1-bin-hadoop2.7/jars/jul-to-slf4j-1.7.16.jar
7f4f68abe000-7f4f68ac1000 r--s 00014000 ca:01 261761                     /home/ubuntu/spark-2.1.1-bin-hadoop2.7/jars/super-csv-2.2.0.jar
7f4f68ac1000-7f4f68ad3000 r--s 000b3000 ca:01 261829                     /home/ubuntu/spark-2.1.1-bin-hadoop2.7/jars/scalap-2.11.8.jar
7f4f68ad3000-7f4f68ad5000 r--s 00003000 ca:01 261843                     /home/ubuntu/spark-2.1.1-bin-hadoop2.7/jars/base64-2.3.8.jar
7f4f68ad5000-7f4f68ad7000 r--s 00003000 ca:01 261570                     /home/ubuntu/spark-2.1.1-bin-hadoop2.7/jars/jersey-container-servlet-2.22.2.jar
7f4f68ad7000-7f4f68ae1000 r--s 000a5000 ca:01 261766                     /home/ubuntu/spark-2.1.1-bin-hadoop2.7/jars/javassist-3.18.1-GA.jar
7f4f68ae1000-7f4f68ae2000 r--s 00009000 ca:01 261534                     /home/ubuntu/spark-2.1.1-bin-hadoop2.7/jars/hadoop-annotations-2.7.3.jar
7f4f68ae2000-7f4f68afa000 r--s 00115000 ca:01 261537                     /home/ubuntu/spark-2.1.1-bin-hadoop2.7/jars/xercesImpl-2.9.1.jar
7f4f68afa000-7f4f68afd000 r--s 00021000 ca:01 261596                     /home/ubuntu/spark-2.1.1-bin-hadoop2.7/jars/xbean-asm5-shaded-4.4.jar
7f4f68afd000-7f4f68b00000 r--s 00025000 ca:01 261618                     /home/ubuntu/spark-2.1.1-bin-hadoop2.7/jars/commons-dbcp-1.4.jar
7f4f68b00000-7f4f68b27000 r--s 0020f000 ca:01 261726                     /home/ubuntu/spark-2.1.1-bin-hadoop2.7/jars/netty-all-4.0.42.Final.jar
7f4f68b27000-7f4f68b2a000 r--s 00015000 ca:01 261620                     /home/ubuntu/spark-2.1.1-bin-hadoop2.7/jars/commons-pool-1.5.4.jar
7f4f68b2a000-7f4f68b7f000 r--s 0069c000 ca:01 261595                     /home/ubuntu/spark-2.1.1-bin-hadoop2.7/jars/spire_2.11-0.7.4.jar
7f4f68b7f000-7f4f68b81000 r--s 00004000 ca:01 261787                     /home/ubuntu/spark-2.1.1-bin-hadoop2.7/jars/metrics-graphite-3.1.2.jar
7f4f68b81000-7f4f68b82000 r--s 00003000 ca:01 261827                     /home/ubuntu/spark-2.1.1-bin-hadoop2.7/jars/metrics-json-3.1.2.jar
7f4f68b82000-7f4f68b87000 r--s 00027000 ca:01 261861                     /home/ubuntu/spark-2.1.1-bin-hadoop2.7/jars/hk2-api-2.4.0-b34.jar
7f4f68b87000-7f4f68b8d000 r--s 00034000 ca:01 261799                     /home/ubuntu/spark-2.1.1-bin-hadoop2.7/jars/libthrift-0.9.3.jar
7f4f68b8d000-7f4f68ba8000 r--s 001d6000 ca:01 256870                     /usr/lib/jvm/java-8-openjdk-amd64/jre/lib/ext/nashorn.jar
7f4f68ba8000-7f4f68bc3000 r--s 00394000 ca:01 256871                     /usr/lib/jvm/java-8-openjdk-amd64/jre/lib/ext/cldrdata.jar
7f4f68bc3000-7f4f68bc4000 ---p 00000000 00:00 0 
7f4f68bc4000-7f4f68cc4000 rw-p 00000000 00:00 0 
7f4f68cc4000-7f4f68cc7000 ---p 00000000 00:00 0 
7f4f68cc7000-7f4f68dc5000 rw-p 00000000 00:00 0 
7f4f68dc5000-7f4f68dc8000 ---p 00000000 00:00 0 
7f4f68dc8000-7f4f68ec6000 rw-p 00000000 00:00 0 
7f4f68ec6000-7f4f68ec9000 ---p 00000000 00:00 0 
7f4f68ec9000-7f4f68fc7000 rw-p 00000000 00:00 0 
7f4f68fc7000-7f4f68fca000 ---p 00000000 00:00 0 
7f4f68fca000-7f4f690c8000 rw-p 00000000 00:00 0 
7f4f690c8000-7f4f69260000 r--p 00000000 ca:01 29052                      /usr/lib/locale/locale-archive
7f4f69260000-7f4f69263000 ---p 00000000 00:00 0 
7f4f69263000-7f4f69361000 rw-p 00000000 00:00 0 
7f4f69361000-7f4f69364000 ---p 00000000 00:00 0 
7f4f69364000-7f4f69462000 rw-p 00000000 00:00 0 
7f4f69462000-7f4f69463000 ---p 00000000 00:00 0 
7f4f69463000-7f4f69563000 rw-p 00000000 00:00 0 
7f4f69563000-7f4f69732000 r--s 03c32000 ca:01 256863                     /usr/lib/jvm/java-8-openjdk-amd64/jre/lib/rt.jar
7f4f69732000-7f4f69fa8000 rw-p 00000000 00:00 0 
7f4f69fa8000-7f4f69fcc000 rw-p 00000000 00:00 0 
7f4f69fcc000-7f4f6a0fe000 ---p 00000000 00:00 0 
7f4f6a0fe000-7f4f6a10d000 rw-p 00000000 00:00 0 
7f4f6a10d000-7f4f6a1a8000 ---p 00000000 00:00 0 
7f4f6a1a8000-7f4f6a1cc000 rw-p 00000000 00:00 0 
7f4f6a1cc000-7f4f6a2fe000 ---p 00000000 00:00 0 
7f4f6a2fe000-7f4f6a349000 rw-p 00000000 00:00 0 
7f4f6a349000-7f4f6a6bf000 ---p 00000000 00:00 0 
7f4f6a6bf000-7f4f6a6c7000 r-xp 00000000 ca:01 256902                     /usr/lib/jvm/java-8-openjdk-amd64/jre/lib/amd64/libzip.so
7f4f6a6c7000-7f4f6a8c6000 ---p 00008000 ca:01 256902                     /usr/lib/jvm/java-8-openjdk-amd64/jre/lib/amd64/libzip.so
7f4f6a8c6000-7f4f6a8c7000 r--p 00007000 ca:01 256902                     /usr/lib/jvm/java-8-openjdk-amd64/jre/lib/amd64/libzip.so
7f4f6a8c7000-7f4f6a8c8000 rw-p 00008000 ca:01 256902                     /usr/lib/jvm/java-8-openjdk-amd64/jre/lib/amd64/libzip.so
7f4f6a8c8000-7f4f6a8d3000 r-xp 00000000 ca:01 1993                       /lib/x86_64-linux-gnu/libnss_files-2.23.so
7f4f6a8d3000-7f4f6aad2000 ---p 0000b000 ca:01 1993                       /lib/x86_64-linux-gnu/libnss_files-2.23.so
7f4f6aad2000-7f4f6aad3000 r--p 0000a000 ca:01 1993                       /lib/x86_64-linux-gnu/libnss_files-2.23.so
7f4f6aad3000-7f4f6aad4000 rw-p 0000b000 ca:01 1993                       /lib/x86_64-linux-gnu/libnss_files-2.23.so
7f4f6aad4000-7f4f6aada000 rw-p 00000000 00:00 0 
7f4f6aada000-7f4f6aae5000 r-xp 00000000 ca:01 1997                       /lib/x86_64-linux-gnu/libnss_nis-2.23.so
7f4f6aae5000-7f4f6ace4000 ---p 0000b000 ca:01 1997                       /lib/x86_64-linux-gnu/libnss_nis-2.23.so
7f4f6ace4000-7f4f6ace5000 r--p 0000a000 ca:01 1997                       /lib/x86_64-linux-gnu/libnss_nis-2.23.so
7f4f6ace5000-7f4f6ace6000 rw-p 0000b000 ca:01 1997                       /lib/x86_64-linux-gnu/libnss_nis-2.23.so
7f4f6ace6000-7f4f6acfc000 r-xp 00000000 ca:01 1977                       /lib/x86_64-linux-gnu/libnsl-2.23.so
7f4f6acfc000-7f4f6aefb000 ---p 00016000 ca:01 1977                       /lib/x86_64-linux-gnu/libnsl-2.23.so
7f4f6aefb000-7f4f6aefc000 r--p 00015000 ca:01 1977                       /lib/x86_64-linux-gnu/libnsl-2.23.so
7f4f6aefc000-7f4f6aefd000 rw-p 00016000 ca:01 1977                       /lib/x86_64-linux-gnu/libnsl-2.23.so
7f4f6aefd000-7f4f6aeff000 rw-p 00000000 00:00 0 
7f4f6aeff000-7f4f6af07000 r-xp 00000000 ca:01 1988                       /lib/x86_64-linux-gnu/libnss_compat-2.23.so
7f4f6af07000-7f4f6b106000 ---p 00008000 ca:01 1988                       /lib/x86_64-linux-gnu/libnss_compat-2.23.so
7f4f6b106000-7f4f6b107000 r--p 00007000 ca:01 1988                       /lib/x86_64-linux-gnu/libnss_compat-2.23.so
7f4f6b107000-7f4f6b108000 rw-p 00008000 ca:01 1988                       /lib/x86_64-linux-gnu/libnss_compat-2.23.so
7f4f6b108000-7f4f6b135000 r-xp 00000000 ca:01 256919                     /usr/lib/jvm/java-8-openjdk-amd64/jre/lib/amd64/libjava.so
7f4f6b135000-7f4f6b334000 ---p 0002d000 ca:01 256919                     /usr/lib/jvm/java-8-openjdk-amd64/jre/lib/amd64/libjava.so
7f4f6b334000-7f4f6b335000 r--p 0002c000 ca:01 256919                     /usr/lib/jvm/java-8-openjdk-amd64/jre/lib/amd64/libjava.so
7f4f6b335000-7f4f6b337000 rw-p 0002d000 ca:01 256919                     /usr/lib/jvm/java-8-openjdk-amd64/jre/lib/amd64/libjava.so
7f4f6b337000-7f4f6b346000 r-xp 00000000 ca:01 256907                     /usr/lib/jvm/java-8-openjdk-amd64/jre/lib/amd64/libverify.so
7f4f6b346000-7f4f6b545000 ---p 0000f000 ca:01 256907                     /usr/lib/jvm/java-8-openjdk-amd64/jre/lib/amd64/libverify.so
7f4f6b545000-7f4f6b547000 r--p 0000e000 ca:01 256907                     /usr/lib/jvm/java-8-openjdk-amd64/jre/lib/amd64/libverify.so
7f4f6b547000-7f4f6b548000 rw-p 00010000 ca:01 256907                     /usr/lib/jvm/java-8-openjdk-amd64/jre/lib/amd64/libverify.so
7f4f6b548000-7f4f6b54f000 r-xp 00000000 ca:01 1998                       /lib/x86_64-linux-gnu/librt-2.23.so
7f4f6b54f000-7f4f6b74e000 ---p 00007000 ca:01 1998                       /lib/x86_64-linux-gnu/librt-2.23.so
7f4f6b74e000-7f4f6b74f000 r--p 00006000 ca:01 1998                       /lib/x86_64-linux-gnu/librt-2.23.so
7f4f6b74f000-7f4f6b750000 rw-p 00007000 ca:01 1998                       /lib/x86_64-linux-gnu/librt-2.23.so
7f4f6b750000-7f4f6b766000 r-xp 00000000 ca:01 1975                       /lib/x86_64-linux-gnu/libgcc_s.so.1
7f4f6b766000-7f4f6b965000 ---p 00016000 ca:01 1975                       /lib/x86_64-linux-gnu/libgcc_s.so.1
7f4f6b965000-7f4f6b966000 rw-p 00015000 ca:01 1975                       /lib/x86_64-linux-gnu/libgcc_s.so.1
7f4f6b966000-7f4f6ba6e000 r-xp 00000000 ca:01 1976                       /lib/x86_64-linux-gnu/libm-2.23.so
7f4f6ba6e000-7f4f6bc6d000 ---p 00108000 ca:01 1976                       /lib/x86_64-linux-gnu/libm-2.23.so
7f4f6bc6d000-7f4f6bc6e000 r--p 00107000 ca:01 1976                       /lib/x86_64-linux-gnu/libm-2.23.so
7f4f6bc6e000-7f4f6bc6f000 rw-p 00108000 ca:01 1976                       /lib/x86_64-linux-gnu/libm-2.23.so
7f4f6bc6f000-7f4f6bde1000 r-xp 00000000 ca:01 7979                       /usr/lib/x86_64-linux-gnu/libstdc++.so.6.0.21
7f4f6bde1000-7f4f6bfe1000 ---p 00172000 ca:01 7979                       /usr/lib/x86_64-linux-gnu/libstdc++.so.6.0.21
7f4f6bfe1000-7f4f6bfeb000 r--p 00172000 ca:01 7979                       /usr/lib/x86_64-linux-gnu/libstdc++.so.6.0.21
7f4f6bfeb000-7f4f6bfed000 rw-p 0017c000 ca:01 7979                       /usr/lib/x86_64-linux-gnu/libstdc++.so.6.0.21
7f4f6bfed000-7f4f6bff1000 rw-p 00000000 00:00 0 
7f4f6bff1000-7f4f6cc4e000 r-xp 00000000 ca:01 256884                     /usr/lib/jvm/java-8-openjdk-amd64/jre/lib/amd64/server/libjvm.so
7f4f6cc4e000-7f4f6ce4e000 ---p 00c5d000 ca:01 256884                     /usr/lib/jvm/java-8-openjdk-amd64/jre/lib/amd64/server/libjvm.so
7f4f6ce4e000-7f4f6cee2000 r--p 00c5d000 ca:01 256884                     /usr/lib/jvm/java-8-openjdk-amd64/jre/lib/amd64/server/libjvm.so
7f4f6cee2000-7f4f6cf0b000 rw-p 00cf1000 ca:01 256884                     /usr/lib/jvm/java-8-openjdk-amd64/jre/lib/amd64/server/libjvm.so
7f4f6cf0b000-7f4f6cf3b000 rw-p 00000000 00:00 0 
7f4f6cf3b000-7f4f6cf53000 r-xp 00000000 ca:01 1979                       /lib/x86_64-linux-gnu/libpthread-2.23.so
7f4f6cf53000-7f4f6d152000 ---p 00018000 ca:01 1979                       /lib/x86_64-linux-gnu/libpthread-2.23.so
7f4f6d152000-7f4f6d153000 r--p 00017000 ca:01 1979                       /lib/x86_64-linux-gnu/libpthread-2.23.so
7f4f6d153000-7f4f6d154000 rw-p 00018000 ca:01 1979                       /lib/x86_64-linux-gnu/libpthread-2.23.so
7f4f6d154000-7f4f6d158000 rw-p 00000000 00:00 0 
7f4f6d158000-7f4f6d15b000 r-xp 00000000 ca:01 1982                       /lib/x86_64-linux-gnu/libdl-2.23.so
7f4f6d15b000-7f4f6d35a000 ---p 00003000 ca:01 1982                       /lib/x86_64-linux-gnu/libdl-2.23.so
7f4f6d35a000-7f4f6d35b000 r--p 00002000 ca:01 1982                       /lib/x86_64-linux-gnu/libdl-2.23.so
7f4f6d35b000-7f4f6d35c000 rw-p 00003000 ca:01 1982                       /lib/x86_64-linux-gnu/libdl-2.23.so
7f4f6d35c000-7f4f6d375000 r-xp 00000000 ca:01 2129                       /lib/x86_64-linux-gnu/libz.so.1.2.8
7f4f6d375000-7f4f6d574000 ---p 00019000 ca:01 2129                       /lib/x86_64-linux-gnu/libz.so.1.2.8
7f4f6d574000-7f4f6d575000 r--p 00018000 ca:01 2129                       /lib/x86_64-linux-gnu/libz.so.1.2.8
7f4f6d575000-7f4f6d576000 rw-p 00019000 ca:01 2129                       /lib/x86_64-linux-gnu/libz.so.1.2.8
7f4f6d576000-7f4f6d736000 r-xp 00000000 ca:01 1980                       /lib/x86_64-linux-gnu/libc-2.23.so
7f4f6d736000-7f4f6d936000 ---p 001c0000 ca:01 1980                       /lib/x86_64-linux-gnu/libc-2.23.so
7f4f6d936000-7f4f6d93a000 r--p 001c0000 ca:01 1980                       /lib/x86_64-linux-gnu/libc-2.23.so
7f4f6d93a000-7f4f6d93c000 rw-p 001c4000 ca:01 1980                       /lib/x86_64-linux-gnu/libc-2.23.so
7f4f6d93c000-7f4f6d940000 rw-p 00000000 00:00 0 
7f4f6d940000-7f4f6d94d000 r-xp 00000000 ca:01 256904                     /usr/lib/jvm/java-8-openjdk-amd64/jre/lib/amd64/jli/libjli.so
7f4f6d94d000-7f4f6db4d000 ---p 0000d000 ca:01 256904                     /usr/lib/jvm/java-8-openjdk-amd64/jre/lib/amd64/jli/libjli.so
7f4f6db4d000-7f4f6db4e000 r--p 0000d000 ca:01 256904                     /usr/lib/jvm/java-8-openjdk-amd64/jre/lib/amd64/jli/libjli.so
7f4f6db4e000-7f4f6db4f000 rw-p 0000e000 ca:01 256904                     /usr/lib/jvm/java-8-openjdk-amd64/jre/lib/amd64/jli/libjli.so
7f4f6db4f000-7f4f6db75000 r-xp 00000000 ca:01 1978                       /lib/x86_64-linux-gnu/ld-2.23.so
7f4f6db75000-7f4f6db77000 r--s 0000f000 ca:01 261715                     /home/ubuntu/spark-2.1.1-bin-hadoop2.7/jars/curator-client-2.6.0.jar
7f4f6db77000-7f4f6db7a000 r--s 0000f000 ca:01 256869                     /usr/lib/jvm/java-8-openjdk-amd64/jre/lib/ext/icedtea-sound.jar
7f4f6db7a000-7f4f6db7d000 r--s 00038000 ca:01 256872                     /usr/lib/jvm/java-8-openjdk-amd64/jre/lib/ext/sunpkcs11.jar
7f4f6db7d000-7f4f6db83000 r--s 0003b000 ca:01 256877                     /usr/lib/jvm/java-8-openjdk-amd64/jre/lib/ext/sunjce_provider.jar
7f4f6db83000-7f4f6db8d000 r--s 00116000 ca:01 256876                     /usr/lib/jvm/java-8-openjdk-amd64/jre/lib/ext/localedata.jar
7f4f6db8d000-7f4f6dc5e000 rw-p 00000000 00:00 0 
7f4f6dc5e000-7f4f6dc66000 rw-s 00000000 ca:01 256392                     /tmp/hsperfdata_ubuntu/10200
7f4f6dc66000-7f4f6dc69000 ---p 00000000 00:00 0 
7f4f6dc69000-7f4f6dd6b000 rw-p 00000000 00:00 0 
7f4f6dd6b000-7f4f6dd6c000 r--s 00010000 ca:01 256874                     /usr/lib/jvm/java-8-openjdk-amd64/jre/lib/ext/zipfs.jar
7f4f6dd6c000-7f4f6dd6d000 r--s 0000a000 ca:01 256879                     /usr/lib/jvm/java-8-openjdk-amd64/jre/lib/ext/jaccess.jar
7f4f6dd6d000-7f4f6dd6f000 r--s 00001000 ca:01 256873                     /usr/lib/jvm/java-8-openjdk-amd64/jre/lib/ext/dnsns.jar
7f4f6dd6f000-7f4f6dd71000 r--s 00008000 ca:01 256878                     /usr/lib/jvm/java-8-openjdk-amd64/jre/lib/ext/sunec.jar
7f4f6dd71000-7f4f6dd72000 rw-p 00000000 00:00 0 
7f4f6dd72000-7f4f6dd73000 ---p 00000000 00:00 0 
7f4f6dd73000-7f4f6dd74000 rw-p 00000000 00:00 0 
7f4f6dd74000-7f4f6dd75000 r--p 00025000 ca:01 1978                       /lib/x86_64-linux-gnu/ld-2.23.so
7f4f6dd75000-7f4f6dd76000 rw-p 00026000 ca:01 1978                       /lib/x86_64-linux-gnu/ld-2.23.so
7f4f6dd76000-7f4f6dd77000 rw-p 00000000 00:00 0 
7ffef747f000-7ffef74a0000 rw-p 00000000 00:00 0                          [stack]
7ffef75b1000-7ffef75b4000 r--p 00000000 00:00 0                          [vvar]
7ffef75b4000-7ffef75b6000 r-xp 00000000 00:00 0                          [vdso]
ffffffffff600000-ffffffffff601000 r-xp 00000000 00:00 0                  [vsyscall]

VM Arguments:
jvm_args: -Xmx1g 
java_command: org.apache.spark.deploy.SparkSubmit --conf spark.app.name=missing pyspark-shell
java_class_path (initial): /home/ubuntu/spark-2.1.1-bin-hadoop2.7/conf/:/home/ubuntu/spark-2.1.1-bin-hadoop2.7/jars/libthrift-0.9.3.jar:/home/ubuntu/spark-2.1.1-bin-hadoop2.7/jars/curator-client-2.6.0.jar:/home/ubuntu/spark-2.1.1-bin-hadoop2.7/jars/hk2-api-2.4.0-b34.jar:/home/ubuntu/spark-2.1.1-bin-hadoop2.7/jars/metrics-json-3.1.2.jar:/home/ubuntu/spark-2.1.1-bin-hadoop2.7/jars/metrics-graphite-3.1.2.jar:/home/ubuntu/spark-2.1.1-bin-hadoop2.7/jars/spire_2.11-0.7.4.jar:/home/ubuntu/spark-2.1.1-bin-hadoop2.7/jars/commons-pool-1.5.4.jar:/home/ubuntu/spark-2.1.1-bin-hadoop2.7/jars/netty-all-4.0.42.Final.jar:/home/ubuntu/spark-2.1.1-bin-hadoop2.7/jars/commons-dbcp-1.4.jar:/home/ubuntu/spark-2.1.1-bin-hadoop2.7/jars/xbean-asm5-shaded-4.4.jar:/home/ubuntu/spark-2.1.1-bin-hadoop2.7/jars/xercesImpl-2.9.1.jar:/home/ubuntu/spark-2.1.1-bin-hadoop2.7/jars/hadoop-annotations-2.7.3.jar:/home/ubuntu/spark-2.1.1-bin-hadoop2.7/jars/javassist-3.18.1-GA.jar:/home/ubuntu/spark-2.1.1-bin-hadoop2.7/jars/jersey-container-servlet-2.22.2.jar:/home/ubuntu/spark-2.1.1-bin-hadoop2.7/jars/base64-2.3.8.jar:/home/ubuntu/spark-2.1.1-bin-hadoop2.7/jars/scalap-2.11.8.jar:/home/ubuntu/spark-2.1.1-bin-hadoop2.7/jars/super-csv-2.2.0.jar:/home/ubuntu/spark-2.1.1-bin-hadoop2.7/jars/jul-to-slf4j-1.7.16.jar:/home/ubuntu/spark-2.1.1-bin-hadoop2.7/jars/hadoop-mapreduce-client-shuffle-2.7.3.jar:/home/ubuntu/spark-2.1.1-bin-hadoop2.7/jars/libfb303-0.9.3.jar:/home/ubuntu/spark-2.1.1-bin-hadoop2.7/jars/jdo-api-3.0.1.jar:/home/ubuntu/spark-2.1.1-bin-hadoop2.7/jars/jersey-guava-2.22.2.jar:/home/ubuntu/spark-2.1.1-bin-hadoop2.7/jars/arpack_combined_all-0.1.jar:/home/ubuntu/spark-2.1.1-bin-hadoop2.7/jars/scala-parser-combinators_2.11-1.0.4.jar:/home/ubuntu/spark-2.1.1-bin-hadoop2.7/jars/chill_2.11-0.8.0.jar:/home/ubuntu/spark-2.1.1-bin-hadoop2.7/jars/javax.annotation-api-1.2.jar:/home/ubuntu/spark-2.1.1-bin-hadoop2.7/jars/joda-time-2.9.3.jar:/home/ubuntu/spark-2.1.1-bin-hadoop2.7/jars/antlr-runtime-3.4.jar:/home/u
Launcher Type: SUN_STANDARD

Environment Variables:
PATH=/home/ubuntu/.local/bin:/home/ubuntu/bin:/home/ubuntu/.local/bin:/usr/local/sbin:/usr/local/bin:/usr/sbin:/usr/bin:/sbin:/bin:/usr/games:/usr/local/games:/snap/bin
SHELL=/bin/bash

Signal Handlers:
SIGSEGV: [libjvm.so+0xa71a30], sa_mask[0]=11111111011111111101111111111110, sa_flags=SA_RESTART|SA_SIGINFO
SIGBUS: [libjvm.so+0xa71a30], sa_mask[0]=11111111011111111101111111111110, sa_flags=SA_RESTART|SA_SIGINFO
SIGFPE: [libjvm.so+0x8b8f40], sa_mask[0]=11111111011111111101111111111110, sa_flags=SA_RESTART|SA_SIGINFO
SIGPIPE: [libjvm.so+0x8b8f40], sa_mask[0]=11111111011111111101111111111110, sa_flags=SA_RESTART|SA_SIGINFO
SIGXFSZ: [libjvm.so+0x8b8f40], sa_mask[0]=11111111011111111101111111111110, sa_flags=SA_RESTART|SA_SIGINFO
SIGILL: [libjvm.so+0x8b8f40], sa_mask[0]=11111111011111111101111111111110, sa_flags=SA_RESTART|SA_SIGINFO
SIGUSR1: SIG_DFL, sa_mask[0]=00000000000000000000000000000000, sa_flags=none
SIGUSR2: [libjvm.so+0x8b8df0], sa_mask[0]=00000000000000000000000000000000, sa_flags=SA_RESTART|SA_SIGINFO
SIGHUP: [libjvm.so+0x8b92c0], sa_mask[0]=11111111011111111101111111111110, sa_flags=SA_RESTART|SA_SIGINFO
SIGINT: SIG_IGN, sa_mask[0]=00000000000000000000000000000000, sa_flags=none
SIGTERM: [libjvm.so+0x8b92c0], sa_mask[0]=11111111011111111101111111111110, sa_flags=SA_RESTART|SA_SIGINFO
SIGQUIT: [libjvm.so+0x8b92c0], sa_mask[0]=11111111011111111101111111111110, sa_flags=SA_RESTART|SA_SIGINFO


---------------  S Y S T E M  ---------------

OS:DISTRIB_ID=Ubuntu
DISTRIB_RELEASE=16.04
DISTRIB_CODENAME=xenial
DISTRIB_DESCRIPTION="Ubuntu 16.04.4 LTS"

uname:Linux 4.4.0-1065-aws #75-Ubuntu SMP Fri Aug 10 11:14:32 UTC 2018 x86_64
libc:glibc 2.23 NPTL 2.23 
rlimit: STACK 8192k, CORE 0k, NPROC 3900, NOFILE 1048576, AS infinity
load average:11.34 5.06 1.95

/proc/meminfo:
MemTotal:        1014500 kB
MemFree:           53920 kB
MemAvailable:          0 kB
Buffers:             244 kB
Cached:            17080 kB
SwapCached:            0 kB
Active:           882328 kB
Inactive:          12472 kB
Active(anon):     880280 kB
Inactive(anon):    10344 kB
Active(file):       2048 kB
Inactive(file):     2128 kB
Unevictable:        3652 kB
Mlocked:            3652 kB
SwapTotal:             0 kB
SwapFree:              0 kB
Dirty:                72 kB
Writeback:             0 kB
AnonPages:        881148 kB
Mapped:             5392 kB
Shmem:             10704 kB
Slab:              37256 kB
SReclaimable:      19248 kB
SUnreclaim:        18008 kB
KernelStack:        4528 kB
PageTables:         6644 kB
NFS_Unstable:          0 kB
Bounce:                0 kB
WritebackTmp:          0 kB
CommitLimit:      507248 kB
Committed_AS:    1494900 kB
VmallocTotal:   34359738367 kB
VmallocUsed:           0 kB
VmallocChunk:          0 kB
HardwareCorrupted:     0 kB
AnonHugePages:    198656 kB
CmaTotal:              0 kB
CmaFree:               0 kB
HugePages_Total:       0
HugePages_Free:        0
HugePages_Rsvd:        0
HugePages_Surp:        0
Hugepagesize:       2048 kB
DirectMap4k:       51200 kB
DirectMap2M:      997376 kB


CPU:total 1 (initial active 1) (1 cores per cpu, 1 threads per core) family 6 model 63 stepping 2, cmov, cx8, fxsr, mmx, sse, sse2, sse3, ssse3, sse4.1, sse4.2, popcnt, avx, avx2, aes, clmul, erms, lzcnt, tsc, bmi1, bmi2

/proc/cpuinfo:
processor	: 0
vendor_id	: GenuineIntel
cpu family	: 6
model		: 63
model name	: Intel(R) Xeon(R) CPU E5-2676 v3 @ 2.40GHz
stepping	: 2
microcode	: 0x3c
cpu MHz		: 2394.490
cache size	: 30720 KB
physical id	: 0
siblings	: 1
core id		: 0
cpu cores	: 1
apicid		: 0
initial apicid	: 0
fpu		: yes
fpu_exception	: yes
cpuid level	: 13
wp		: yes
flags		: fpu vme de pse tsc msr pae mce cx8 apic sep mtrr pge mca cmov pat pse36 clflush mmx fxsr sse sse2 ht syscall nx rdtscp lm constant_tsc rep_good nopl xtopology eagerfpu pni pclmulqdq ssse3 fma cx16 pcid sse4_1 sse4_2 x2apic movbe popcnt tsc_deadline_timer aes xsave avx f16c rdrand hypervisor lahf_lm abm invpcid_single kaiser fsgsbase bmi1 avx2 smep bmi2 erms invpcid xsaveopt
bugs		: cpu_meltdown spectre_v1 spectre_v2 spec_store_bypass l1tf
bogomips	: 4788.98
clflush size	: 64
cache_alignment	: 64
address sizes	: 46 bits physical, 48 bits virtual
power management:



Memory: 4k page, physical 1014500k(53920k free), swap 0k(0k free)

vm_info: OpenJDK 64-Bit Server VM (25.181-b13) for linux-amd64 JRE (1.8.0_181-8u181-b13-0ubuntu0.16.04.1-b13), built on Jul 30 2018 21:06:27 by "buildd" with gcc 5.4.0 20160609

time: Fri Oct 12 08:37:01 2018
elapsed time: 256 seconds (0d 0h 4m 16s)

